#
# There is insufficient memory for the Java Runtime Environment to continue.
# Native memory allocation (malloc) failed to allocate 32744 bytes for ChunkPool::allocate
# Possible reasons:
#   The system is out of physical RAM or swap space
#   The process is running with CompressedOops enabled, and the Java Heap may be blocking the growth of the native heap
# Possible solutions:
#   Reduce memory load on the system
#   Increase physical memory or swap space
#   Check if swap backing store is full
#   Decrease Java heap size (-Xmx/-Xms)
#   Decrease number of Java threads
#   Decrease Java thread stack sizes (-Xss)
#   Set larger code cache with -XX:ReservedCodeCacheSize=
#   JVM is running with Unscaled Compressed Oops mode in which the Java heap is
#     placed in the first 4GB address space. The Java Heap base address is the
#     maximum limit for the native heap growth. Please use -XX:HeapBaseMinAddress
#     to set the Java Heap base and to place the Java Heap above 4GB virtual address.
# This output file may be truncated or incomplete.
#
#  Out of Memory Error (arena.cpp:78), pid=28628, tid=19432
#
# JRE version: Java(TM) SE Runtime Environment (17.0.3.1+2) (build 17.0.3.1+2-LTS-6)
# Java VM: Java HotSpot(TM) 64-Bit Server VM (17.0.3.1+2-LTS-6, mixed mode, sharing, tiered, compressed oops, compressed class ptrs, g1 gc, windows-amd64)
# No core dump will be written. Minidumps are not enabled by default on client versions of Windows
#

---------------  S U M M A R Y ------------

Command Line: -Dfile.encoding=UTF-8 --module-path=D:\Users\ASUS\OneDrive\Documents\NetBeansProjects\Bank Management System\build\classes bank.management.system.Login

Host: Intel(R) Core(TM) i5-8250U CPU @ 1.60GHz, 8 cores, 7G,  Windows 10 , 64 bit Build 19041 (10.0.19041.3636)
Time: Fri Jun 21 15:41:25 2024 India Standard Time elapsed time: 1.782606 seconds (0d 0h 0m 1s)

---------------  T H R E A D  ---------------

Current thread (0x000002d1c138a570):  JavaThread "C2 CompilerThread0" daemon [_thread_in_native, id=19432, stack(0x000000f001a00000,0x000000f001b00000)]


Current CompileTask:
C2:   1783 1115   !   4       sun.font.TrueTypeFont::getTableBuffer (215 bytes)

Stack: [0x000000f001a00000,0x000000f001b00000]
Native frames: (J=compiled Java code, j=interpreted, Vv=VM code, C=native code)
V  [jvm.dll+0x6711ba]
V  [jvm.dll+0x7d0834]
V  [jvm.dll+0x7d1fde]
V  [jvm.dll+0x7d2643]
V  [jvm.dll+0x242c85]
V  [jvm.dll+0xaa7c0]
V  [jvm.dll+0xaab0c]
V  [jvm.dll+0x11ba28]
V  [jvm.dll+0x69a631]
V  [jvm.dll+0x1b9d74]
V  [jvm.dll+0x215eb9]
V  [jvm.dll+0x215181]
V  [jvm.dll+0x1a1c3d]
V  [jvm.dll+0x2249c8]
V  [jvm.dll+0x222b2c]
V  [jvm.dll+0x78650b]
V  [jvm.dll+0x780aca]
V  [jvm.dll+0x670045]
C  [ucrtbase.dll+0x21bb2]
C  [KERNEL32.DLL+0x17344]
C  [ntdll.dll+0x526b1]


---------------  P R O C E S S  ---------------

Threads class SMR info:
_java_thread_list=0x000002d1c3a63ca0, length=19, elements={
0x000002d1c1346840, 0x000002d1c13473f0, 0x000002d1c1355fa0, 0x000002d1c1358960,
0x000002d1c1359310, 0x000002d1c1368130, 0x000002d1c138a570, 0x000002d1c138ae70,
0x000002d1c1393f40, 0x000002d1c1333ee0, 0x000002d1c1e45ad0, 0x000002d1c1e40a20,
0x000002d1c1e40ef0, 0x000002d1c20243e0, 0x000002d1c20ab320, 0x000002d1c3678ca0,
0x000002d1a13014c0, 0x000002d1c38f5dd0, 0x000002d1c36e0b60
}

Java Threads: ( => current thread )
  0x000002d1c1346840 JavaThread "Reference Handler" daemon [_thread_blocked, id=31844, stack(0x000000f001400000,0x000000f001500000)]
  0x000002d1c13473f0 JavaThread "Finalizer" daemon [_thread_blocked, id=13296, stack(0x000000f001500000,0x000000f001600000)]
  0x000002d1c1355fa0 JavaThread "Signal Dispatcher" daemon [_thread_blocked, id=27272, stack(0x000000f001600000,0x000000f001700000)]
  0x000002d1c1358960 JavaThread "Attach Listener" daemon [_thread_blocked, id=22900, stack(0x000000f001700000,0x000000f001800000)]
  0x000002d1c1359310 JavaThread "Service Thread" daemon [_thread_blocked, id=28504, stack(0x000000f001800000,0x000000f001900000)]
  0x000002d1c1368130 JavaThread "Monitor Deflation Thread" daemon [_thread_blocked, id=18088, stack(0x000000f001900000,0x000000f001a00000)]
=>0x000002d1c138a570 JavaThread "C2 CompilerThread0" daemon [_thread_in_native, id=19432, stack(0x000000f001a00000,0x000000f001b00000)]
  0x000002d1c138ae70 JavaThread "C1 CompilerThread0" daemon [_thread_blocked, id=6248, stack(0x000000f001b00000,0x000000f001c00000)]
  0x000002d1c1393f40 JavaThread "Sweeper thread" daemon [_thread_blocked, id=33484, stack(0x000000f001c00000,0x000000f001d00000)]
  0x000002d1c1333ee0 JavaThread "Common-Cleaner" daemon [_thread_blocked, id=24900, stack(0x000000f001d00000,0x000000f001e00000)]
  0x000002d1c1e45ad0 JavaThread "Notification Thread" daemon [_thread_blocked, id=26960, stack(0x000000f001e00000,0x000000f001f00000)]
  0x000002d1c1e40a20 JavaThread "Java2D Disposer" daemon [_thread_blocked, id=28584, stack(0x000000f002000000,0x000000f002100000)]
  0x000002d1c1e40ef0 JavaThread "AWT-Shutdown" [_thread_blocked, id=31340, stack(0x000000f002100000,0x000000f002200000)]
  0x000002d1c20243e0 JavaThread "AWT-Windows" daemon [_thread_in_native, id=28272, stack(0x000000f002200000,0x000000f002300000)]
  0x000002d1c20ab320 JavaThread "Image Fetcher 0" daemon [_thread_blocked, id=35832, stack(0x000000f002300000,0x000000f002400000)]
  0x000002d1c3678ca0 JavaThread "AWT-EventQueue-0" [_thread_blocked, id=9776, stack(0x000000f002400000,0x000000f002500000)]
  0x000002d1a13014c0 JavaThread "DestroyJavaVM" [_thread_blocked, id=14904, stack(0x000000f000d00000,0x000000f000e00000)]
  0x000002d1c38f5dd0 JavaThread "C2 CompilerThread1" daemon [_thread_blocked, id=2076, stack(0x000000f002800000,0x000000f002900000)]
  0x000002d1c36e0b60 JavaThread "TimerQueue" daemon [_thread_blocked, id=21712, stack(0x000000f002900000,0x000000f002a00000)]

Other Threads:
  0x000002d1c1342da0 VMThread "VM Thread" [stack: 0x000000f001300000,0x000000f001400000] [id=34212]
  0x000002d1c1e45fa0 WatcherThread [stack: 0x000000f001f00000,0x000000f002000000] [id=19064]
  0x000002d1a135c270 GCTaskThread "GC Thread#0" [stack: 0x000000f000e00000,0x000000f000f00000] [id=18648]
  0x000002d1a136ce30 ConcurrentGCThread "G1 Main Marker" [stack: 0x000000f000f00000,0x000000f001000000] [id=16920]
  0x000002d1a136d840 ConcurrentGCThread "G1 Conc#0" [stack: 0x000000f001000000,0x000000f001100000] [id=4744]
  0x000002d1c12024c0 ConcurrentGCThread "G1 Refine#0" [stack: 0x000000f001100000,0x000000f001200000] [id=10760]
  0x000002d1a13c9120 ConcurrentGCThread "G1 Service" [stack: 0x000000f001200000,0x000000f001300000] [id=24104]

Threads with active compile tasks:
C2 CompilerThread0     1834 1115   !   4       sun.font.TrueTypeFont::getTableBuffer (215 bytes)

VM state: not at safepoint (normal execution)

VM Mutex/Monitor currently owned by a thread: None

Heap address: 0x0000000081c00000, size: 2020 MB, Compressed Oops mode: 32-bit

CDS archive(s) mapped at: [0x0000000800000000-0x0000000800bc0000-0x0000000800bc0000), size 12320768, SharedBaseAddress: 0x0000000800000000, ArchiveRelocationMode: 0.
Compressed class space mapped at: 0x0000000800c00000-0x0000000840c00000, reserved size: 1073741824
Narrow klass base: 0x0000000800000000, Narrow klass shift: 0, Narrow klass range: 0x100000000

GC Precious Log:
 CPUs: 8 total, 8 available
 Memory: 8073M
 Large Page Support: Disabled
 NUMA Support: Disabled
 Compressed Oops: Enabled (32-bit)
 Heap Region Size: 1M
 Heap Min Capacity: 8M
 Heap Initial Capacity: 128M
 Heap Max Capacity: 2020M
 Pre-touch: Disabled
 Parallel Workers: 8
 Concurrent Workers: 2
 Concurrent Refinement Workers: 8
 Periodic GC: Disabled

Heap:
 garbage-first heap   total 131072K, used 20480K [0x0000000081c00000, 0x0000000100000000)
  region size 1024K, 18 young (18432K), 0 survivors (0K)
 Metaspace       used 8153K, committed 8320K, reserved 1056768K
  class space    used 907K, committed 1024K, reserved 1048576K

Heap Regions: E=young(eden), S=young(survivor), O=old, HS=humongous(starts), HC=humongous(continues), CS=collection set, F=free, OA=open archive, CA=closed archive, TAMS=top-at-mark-start (previous, next)
|   0|0x0000000081c00000, 0x0000000081d00000, 0x0000000081d00000|100%|HS|  |TAMS 0x0000000081c00000, 0x0000000081c00000| Complete 
|   1|0x0000000081d00000, 0x0000000081e00000, 0x0000000081e00000|100%|HC|  |TAMS 0x0000000081d00000, 0x0000000081d00000| Complete 
|   2|0x0000000081e00000, 0x0000000081f00000, 0x0000000081f00000|100%|HC|  |TAMS 0x0000000081e00000, 0x0000000081e00000| Complete 
|   3|0x0000000081f00000, 0x0000000081f00000, 0x0000000082000000|  0%| F|  |TAMS 0x0000000081f00000, 0x0000000081f00000| Untracked 
|   4|0x0000000082000000, 0x0000000082000000, 0x0000000082100000|  0%| F|  |TAMS 0x0000000082000000, 0x0000000082000000| Untracked 
|   5|0x0000000082100000, 0x0000000082100000, 0x0000000082200000|  0%| F|  |TAMS 0x0000000082100000, 0x0000000082100000| Untracked 
|   6|0x0000000082200000, 0x0000000082200000, 0x0000000082300000|  0%| F|  |TAMS 0x0000000082200000, 0x0000000082200000| Untracked 
|   7|0x0000000082300000, 0x0000000082300000, 0x0000000082400000|  0%| F|  |TAMS 0x0000000082300000, 0x0000000082300000| Untracked 
|   8|0x0000000082400000, 0x0000000082400000, 0x0000000082500000|  0%| F|  |TAMS 0x0000000082400000, 0x0000000082400000| Untracked 
|   9|0x0000000082500000, 0x0000000082500000, 0x0000000082600000|  0%| F|  |TAMS 0x0000000082500000, 0x0000000082500000| Untracked 
|  10|0x0000000082600000, 0x0000000082600000, 0x0000000082700000|  0%| F|  |TAMS 0x0000000082600000, 0x0000000082600000| Untracked 
|  11|0x0000000082700000, 0x0000000082700000, 0x0000000082800000|  0%| F|  |TAMS 0x0000000082700000, 0x0000000082700000| Untracked 
|  12|0x0000000082800000, 0x0000000082800000, 0x0000000082900000|  0%| F|  |TAMS 0x0000000082800000, 0x0000000082800000| Untracked 
|  13|0x0000000082900000, 0x0000000082900000, 0x0000000082a00000|  0%| F|  |TAMS 0x0000000082900000, 0x0000000082900000| Untracked 
|  14|0x0000000082a00000, 0x0000000082a00000, 0x0000000082b00000|  0%| F|  |TAMS 0x0000000082a00000, 0x0000000082a00000| Untracked 
|  15|0x0000000082b00000, 0x0000000082b00000, 0x0000000082c00000|  0%| F|  |TAMS 0x0000000082b00000, 0x0000000082b00000| Untracked 
|  16|0x0000000082c00000, 0x0000000082c00000, 0x0000000082d00000|  0%| F|  |TAMS 0x0000000082c00000, 0x0000000082c00000| Untracked 
|  17|0x0000000082d00000, 0x0000000082d00000, 0x0000000082e00000|  0%| F|  |TAMS 0x0000000082d00000, 0x0000000082d00000| Untracked 
|  18|0x0000000082e00000, 0x0000000082e00000, 0x0000000082f00000|  0%| F|  |TAMS 0x0000000082e00000, 0x0000000082e00000| Untracked 
|  19|0x0000000082f00000, 0x0000000082f00000, 0x0000000083000000|  0%| F|  |TAMS 0x0000000082f00000, 0x0000000082f00000| Untracked 
|  20|0x0000000083000000, 0x0000000083000000, 0x0000000083100000|  0%| F|  |TAMS 0x0000000083000000, 0x0000000083000000| Untracked 
|  21|0x0000000083100000, 0x0000000083100000, 0x0000000083200000|  0%| F|  |TAMS 0x0000000083100000, 0x0000000083100000| Untracked 
|  22|0x0000000083200000, 0x0000000083200000, 0x0000000083300000|  0%| F|  |TAMS 0x0000000083200000, 0x0000000083200000| Untracked 
|  23|0x0000000083300000, 0x0000000083300000, 0x0000000083400000|  0%| F|  |TAMS 0x0000000083300000, 0x0000000083300000| Untracked 
|  24|0x0000000083400000, 0x0000000083400000, 0x0000000083500000|  0%| F|  |TAMS 0x0000000083400000, 0x0000000083400000| Untracked 
|  25|0x0000000083500000, 0x0000000083500000, 0x0000000083600000|  0%| F|  |TAMS 0x0000000083500000, 0x0000000083500000| Untracked 
|  26|0x0000000083600000, 0x0000000083600000, 0x0000000083700000|  0%| F|  |TAMS 0x0000000083600000, 0x0000000083600000| Untracked 
|  27|0x0000000083700000, 0x0000000083700000, 0x0000000083800000|  0%| F|  |TAMS 0x0000000083700000, 0x0000000083700000| Untracked 
|  28|0x0000000083800000, 0x0000000083800000, 0x0000000083900000|  0%| F|  |TAMS 0x0000000083800000, 0x0000000083800000| Untracked 
|  29|0x0000000083900000, 0x0000000083900000, 0x0000000083a00000|  0%| F|  |TAMS 0x0000000083900000, 0x0000000083900000| Untracked 
|  30|0x0000000083a00000, 0x0000000083a00000, 0x0000000083b00000|  0%| F|  |TAMS 0x0000000083a00000, 0x0000000083a00000| Untracked 
|  31|0x0000000083b00000, 0x0000000083b00000, 0x0000000083c00000|  0%| F|  |TAMS 0x0000000083b00000, 0x0000000083b00000| Untracked 
|  32|0x0000000083c00000, 0x0000000083c00000, 0x0000000083d00000|  0%| F|  |TAMS 0x0000000083c00000, 0x0000000083c00000| Untracked 
|  33|0x0000000083d00000, 0x0000000083d00000, 0x0000000083e00000|  0%| F|  |TAMS 0x0000000083d00000, 0x0000000083d00000| Untracked 
|  34|0x0000000083e00000, 0x0000000083e00000, 0x0000000083f00000|  0%| F|  |TAMS 0x0000000083e00000, 0x0000000083e00000| Untracked 
|  35|0x0000000083f00000, 0x0000000083f00000, 0x0000000084000000|  0%| F|  |TAMS 0x0000000083f00000, 0x0000000083f00000| Untracked 
|  36|0x0000000084000000, 0x0000000084000000, 0x0000000084100000|  0%| F|  |TAMS 0x0000000084000000, 0x0000000084000000| Untracked 
|  37|0x0000000084100000, 0x0000000084100000, 0x0000000084200000|  0%| F|  |TAMS 0x0000000084100000, 0x0000000084100000| Untracked 
|  38|0x0000000084200000, 0x0000000084200000, 0x0000000084300000|  0%| F|  |TAMS 0x0000000084200000, 0x0000000084200000| Untracked 
|  39|0x0000000084300000, 0x0000000084300000, 0x0000000084400000|  0%| F|  |TAMS 0x0000000084300000, 0x0000000084300000| Untracked 
|  40|0x0000000084400000, 0x0000000084400000, 0x0000000084500000|  0%| F|  |TAMS 0x0000000084400000, 0x0000000084400000| Untracked 
|  41|0x0000000084500000, 0x0000000084500000, 0x0000000084600000|  0%| F|  |TAMS 0x0000000084500000, 0x0000000084500000| Untracked 
|  42|0x0000000084600000, 0x0000000084600000, 0x0000000084700000|  0%| F|  |TAMS 0x0000000084600000, 0x0000000084600000| Untracked 
|  43|0x0000000084700000, 0x0000000084700000, 0x0000000084800000|  0%| F|  |TAMS 0x0000000084700000, 0x0000000084700000| Untracked 
|  44|0x0000000084800000, 0x0000000084800000, 0x0000000084900000|  0%| F|  |TAMS 0x0000000084800000, 0x0000000084800000| Untracked 
|  45|0x0000000084900000, 0x0000000084900000, 0x0000000084a00000|  0%| F|  |TAMS 0x0000000084900000, 0x0000000084900000| Untracked 
|  46|0x0000000084a00000, 0x0000000084a00000, 0x0000000084b00000|  0%| F|  |TAMS 0x0000000084a00000, 0x0000000084a00000| Untracked 
|  47|0x0000000084b00000, 0x0000000084b00000, 0x0000000084c00000|  0%| F|  |TAMS 0x0000000084b00000, 0x0000000084b00000| Untracked 
|  48|0x0000000084c00000, 0x0000000084c00000, 0x0000000084d00000|  0%| F|  |TAMS 0x0000000084c00000, 0x0000000084c00000| Untracked 
|  49|0x0000000084d00000, 0x0000000084d00000, 0x0000000084e00000|  0%| F|  |TAMS 0x0000000084d00000, 0x0000000084d00000| Untracked 
|  50|0x0000000084e00000, 0x0000000084e00000, 0x0000000084f00000|  0%| F|  |TAMS 0x0000000084e00000, 0x0000000084e00000| Untracked 
|  51|0x0000000084f00000, 0x0000000084f00000, 0x0000000085000000|  0%| F|  |TAMS 0x0000000084f00000, 0x0000000084f00000| Untracked 
|  52|0x0000000085000000, 0x0000000085000000, 0x0000000085100000|  0%| F|  |TAMS 0x0000000085000000, 0x0000000085000000| Untracked 
|  53|0x0000000085100000, 0x0000000085100000, 0x0000000085200000|  0%| F|  |TAMS 0x0000000085100000, 0x0000000085100000| Untracked 
|  54|0x0000000085200000, 0x0000000085200000, 0x0000000085300000|  0%| F|  |TAMS 0x0000000085200000, 0x0000000085200000| Untracked 
|  55|0x0000000085300000, 0x0000000085300000, 0x0000000085400000|  0%| F|  |TAMS 0x0000000085300000, 0x0000000085300000| Untracked 
|  56|0x0000000085400000, 0x0000000085400000, 0x0000000085500000|  0%| F|  |TAMS 0x0000000085400000, 0x0000000085400000| Untracked 
|  57|0x0000000085500000, 0x0000000085500000, 0x0000000085600000|  0%| F|  |TAMS 0x0000000085500000, 0x0000000085500000| Untracked 
|  58|0x0000000085600000, 0x0000000085600000, 0x0000000085700000|  0%| F|  |TAMS 0x0000000085600000, 0x0000000085600000| Untracked 
|  59|0x0000000085700000, 0x0000000085700000, 0x0000000085800000|  0%| F|  |TAMS 0x0000000085700000, 0x0000000085700000| Untracked 
|  60|0x0000000085800000, 0x0000000085800000, 0x0000000085900000|  0%| F|  |TAMS 0x0000000085800000, 0x0000000085800000| Untracked 
|  61|0x0000000085900000, 0x0000000085900000, 0x0000000085a00000|  0%| F|  |TAMS 0x0000000085900000, 0x0000000085900000| Untracked 
|  62|0x0000000085a00000, 0x0000000085a00000, 0x0000000085b00000|  0%| F|  |TAMS 0x0000000085a00000, 0x0000000085a00000| Untracked 
|  63|0x0000000085b00000, 0x0000000085b00000, 0x0000000085c00000|  0%| F|  |TAMS 0x0000000085b00000, 0x0000000085b00000| Untracked 
|  64|0x0000000085c00000, 0x0000000085c00000, 0x0000000085d00000|  0%| F|  |TAMS 0x0000000085c00000, 0x0000000085c00000| Untracked 
|  65|0x0000000085d00000, 0x0000000085d00000, 0x0000000085e00000|  0%| F|  |TAMS 0x0000000085d00000, 0x0000000085d00000| Untracked 
|  66|0x0000000085e00000, 0x0000000085e00000, 0x0000000085f00000|  0%| F|  |TAMS 0x0000000085e00000, 0x0000000085e00000| Untracked 
|  67|0x0000000085f00000, 0x0000000085f00000, 0x0000000086000000|  0%| F|  |TAMS 0x0000000085f00000, 0x0000000085f00000| Untracked 
|  68|0x0000000086000000, 0x0000000086000000, 0x0000000086100000|  0%| F|  |TAMS 0x0000000086000000, 0x0000000086000000| Untracked 
|  69|0x0000000086100000, 0x0000000086100000, 0x0000000086200000|  0%| F|  |TAMS 0x0000000086100000, 0x0000000086100000| Untracked 
|  70|0x0000000086200000, 0x0000000086200000, 0x0000000086300000|  0%| F|  |TAMS 0x0000000086200000, 0x0000000086200000| Untracked 
|  71|0x0000000086300000, 0x0000000086300000, 0x0000000086400000|  0%| F|  |TAMS 0x0000000086300000, 0x0000000086300000| Untracked 
|  72|0x0000000086400000, 0x0000000086400000, 0x0000000086500000|  0%| F|  |TAMS 0x0000000086400000, 0x0000000086400000| Untracked 
|  73|0x0000000086500000, 0x0000000086500000, 0x0000000086600000|  0%| F|  |TAMS 0x0000000086500000, 0x0000000086500000| Untracked 
|  74|0x0000000086600000, 0x0000000086600000, 0x0000000086700000|  0%| F|  |TAMS 0x0000000086600000, 0x0000000086600000| Untracked 
|  75|0x0000000086700000, 0x0000000086700000, 0x0000000086800000|  0%| F|  |TAMS 0x0000000086700000, 0x0000000086700000| Untracked 
|  76|0x0000000086800000, 0x0000000086800000, 0x0000000086900000|  0%| F|  |TAMS 0x0000000086800000, 0x0000000086800000| Untracked 
|  77|0x0000000086900000, 0x0000000086900000, 0x0000000086a00000|  0%| F|  |TAMS 0x0000000086900000, 0x0000000086900000| Untracked 
|  78|0x0000000086a00000, 0x0000000086a00000, 0x0000000086b00000|  0%| F|  |TAMS 0x0000000086a00000, 0x0000000086a00000| Untracked 
|  79|0x0000000086b00000, 0x0000000086b00000, 0x0000000086c00000|  0%| F|  |TAMS 0x0000000086b00000, 0x0000000086b00000| Untracked 
|  80|0x0000000086c00000, 0x0000000086c00000, 0x0000000086d00000|  0%| F|  |TAMS 0x0000000086c00000, 0x0000000086c00000| Untracked 
|  81|0x0000000086d00000, 0x0000000086d00000, 0x0000000086e00000|  0%| F|  |TAMS 0x0000000086d00000, 0x0000000086d00000| Untracked 
|  82|0x0000000086e00000, 0x0000000086e00000, 0x0000000086f00000|  0%| F|  |TAMS 0x0000000086e00000, 0x0000000086e00000| Untracked 
|  83|0x0000000086f00000, 0x0000000086f00000, 0x0000000087000000|  0%| F|  |TAMS 0x0000000086f00000, 0x0000000086f00000| Untracked 
|  84|0x0000000087000000, 0x0000000087000000, 0x0000000087100000|  0%| F|  |TAMS 0x0000000087000000, 0x0000000087000000| Untracked 
|  85|0x0000000087100000, 0x0000000087100000, 0x0000000087200000|  0%| F|  |TAMS 0x0000000087100000, 0x0000000087100000| Untracked 
|  86|0x0000000087200000, 0x0000000087200000, 0x0000000087300000|  0%| F|  |TAMS 0x0000000087200000, 0x0000000087200000| Untracked 
|  87|0x0000000087300000, 0x0000000087300000, 0x0000000087400000|  0%| F|  |TAMS 0x0000000087300000, 0x0000000087300000| Untracked 
|  88|0x0000000087400000, 0x0000000087400000, 0x0000000087500000|  0%| F|  |TAMS 0x0000000087400000, 0x0000000087400000| Untracked 
|  89|0x0000000087500000, 0x0000000087500000, 0x0000000087600000|  0%| F|  |TAMS 0x0000000087500000, 0x0000000087500000| Untracked 
|  90|0x0000000087600000, 0x0000000087600000, 0x0000000087700000|  0%| F|  |TAMS 0x0000000087600000, 0x0000000087600000| Untracked 
|  91|0x0000000087700000, 0x0000000087700000, 0x0000000087800000|  0%| F|  |TAMS 0x0000000087700000, 0x0000000087700000| Untracked 
|  92|0x0000000087800000, 0x0000000087800000, 0x0000000087900000|  0%| F|  |TAMS 0x0000000087800000, 0x0000000087800000| Untracked 
|  93|0x0000000087900000, 0x0000000087900000, 0x0000000087a00000|  0%| F|  |TAMS 0x0000000087900000, 0x0000000087900000| Untracked 
|  94|0x0000000087a00000, 0x0000000087a00000, 0x0000000087b00000|  0%| F|  |TAMS 0x0000000087a00000, 0x0000000087a00000| Untracked 
|  95|0x0000000087b00000, 0x0000000087b00000, 0x0000000087c00000|  0%| F|  |TAMS 0x0000000087b00000, 0x0000000087b00000| Untracked 
|  96|0x0000000087c00000, 0x0000000087c00000, 0x0000000087d00000|  0%| F|  |TAMS 0x0000000087c00000, 0x0000000087c00000| Untracked 
|  97|0x0000000087d00000, 0x0000000087d00000, 0x0000000087e00000|  0%| F|  |TAMS 0x0000000087d00000, 0x0000000087d00000| Untracked 
|  98|0x0000000087e00000, 0x0000000087e00000, 0x0000000087f00000|  0%| F|  |TAMS 0x0000000087e00000, 0x0000000087e00000| Untracked 
|  99|0x0000000087f00000, 0x0000000087f00000, 0x0000000088000000|  0%| F|  |TAMS 0x0000000087f00000, 0x0000000087f00000| Untracked 
| 100|0x0000000088000000, 0x0000000088000000, 0x0000000088100000|  0%| F|  |TAMS 0x0000000088000000, 0x0000000088000000| Untracked 
| 101|0x0000000088100000, 0x0000000088100000, 0x0000000088200000|  0%| F|  |TAMS 0x0000000088100000, 0x0000000088100000| Untracked 
| 102|0x0000000088200000, 0x0000000088200000, 0x0000000088300000|  0%| F|  |TAMS 0x0000000088200000, 0x0000000088200000| Untracked 
| 103|0x0000000088300000, 0x0000000088300000, 0x0000000088400000|  0%| F|  |TAMS 0x0000000088300000, 0x0000000088300000| Untracked 
| 104|0x0000000088400000, 0x0000000088400000, 0x0000000088500000|  0%| F|  |TAMS 0x0000000088400000, 0x0000000088400000| Untracked 
| 105|0x0000000088500000, 0x0000000088500000, 0x0000000088600000|  0%| F|  |TAMS 0x0000000088500000, 0x0000000088500000| Untracked 
| 106|0x0000000088600000, 0x0000000088600000, 0x0000000088700000|  0%| F|  |TAMS 0x0000000088600000, 0x0000000088600000| Untracked 
| 107|0x0000000088700000, 0x0000000088700000, 0x0000000088800000|  0%| F|  |TAMS 0x0000000088700000, 0x0000000088700000| Untracked 
| 108|0x0000000088800000, 0x0000000088800000, 0x0000000088900000|  0%| F|  |TAMS 0x0000000088800000, 0x0000000088800000| Untracked 
| 109|0x0000000088900000, 0x0000000088900000, 0x0000000088a00000|  0%| F|  |TAMS 0x0000000088900000, 0x0000000088900000| Untracked 
| 110|0x0000000088a00000, 0x0000000088aec430, 0x0000000088b00000| 92%| E|  |TAMS 0x0000000088a00000, 0x0000000088a00000| Complete 
| 111|0x0000000088b00000, 0x0000000088c00000, 0x0000000088c00000|100%| E|CS|TAMS 0x0000000088b00000, 0x0000000088b00000| Complete 
| 112|0x0000000088c00000, 0x0000000088d00000, 0x0000000088d00000|100%| E|CS|TAMS 0x0000000088c00000, 0x0000000088c00000| Complete 
| 113|0x0000000088d00000, 0x0000000088e00000, 0x0000000088e00000|100%| E|CS|TAMS 0x0000000088d00000, 0x0000000088d00000| Complete 
| 114|0x0000000088e00000, 0x0000000088f00000, 0x0000000088f00000|100%| E|CS|TAMS 0x0000000088e00000, 0x0000000088e00000| Complete 
| 115|0x0000000088f00000, 0x0000000089000000, 0x0000000089000000|100%| E|CS|TAMS 0x0000000088f00000, 0x0000000088f00000| Complete 
| 116|0x0000000089000000, 0x0000000089100000, 0x0000000089100000|100%| E|CS|TAMS 0x0000000089000000, 0x0000000089000000| Complete 
| 117|0x0000000089100000, 0x0000000089200000, 0x0000000089200000|100%| E|CS|TAMS 0x0000000089100000, 0x0000000089100000| Complete 
| 118|0x0000000089200000, 0x0000000089300000, 0x0000000089300000|100%| E|CS|TAMS 0x0000000089200000, 0x0000000089200000| Complete 
| 119|0x0000000089300000, 0x0000000089400000, 0x0000000089400000|100%| E|CS|TAMS 0x0000000089300000, 0x0000000089300000| Complete 
| 120|0x0000000089400000, 0x0000000089500000, 0x0000000089500000|100%| E|CS|TAMS 0x0000000089400000, 0x0000000089400000| Complete 
| 121|0x0000000089500000, 0x0000000089600000, 0x0000000089600000|100%| E|CS|TAMS 0x0000000089500000, 0x0000000089500000| Complete 
| 122|0x0000000089600000, 0x0000000089700000, 0x0000000089700000|100%| E|CS|TAMS 0x0000000089600000, 0x0000000089600000| Complete 
| 123|0x0000000089700000, 0x0000000089800000, 0x0000000089800000|100%| E|CS|TAMS 0x0000000089700000, 0x0000000089700000| Complete 
| 124|0x0000000089800000, 0x0000000089900000, 0x0000000089900000|100%| E|CS|TAMS 0x0000000089800000, 0x0000000089800000| Complete 
| 125|0x0000000089900000, 0x0000000089a00000, 0x0000000089a00000|100%| E|CS|TAMS 0x0000000089900000, 0x0000000089900000| Complete 
| 126|0x0000000089a00000, 0x0000000089b00000, 0x0000000089b00000|100%| E|CS|TAMS 0x0000000089a00000, 0x0000000089a00000| Complete 
| 127|0x0000000089b00000, 0x0000000089c00000, 0x0000000089c00000|100%| E|CS|TAMS 0x0000000089b00000, 0x0000000089b00000| Complete 

Card table byte_map: [0x000002d1ba1a0000,0x000002d1ba5a0000] _byte_map_base: 0x000002d1b9d92000

Marking Bits (Prev, Next): (CMBitMap*) 0x000002d1a135c880, (CMBitMap*) 0x000002d1a135c8c0
 Prev Bits: [0x000002d1ba9a0000, 0x000002d1bc930000)
 Next Bits: [0x000002d1bc930000, 0x000002d1be8c0000)

Polling page: 0x000002d1a11c0000

Metaspace:

Usage:
  Non-class:      7.08 MB used.
      Class:    907.96 KB used.
       Both:      7.96 MB used.

Virtual space:
  Non-class space:        8.00 MB reserved,       7.12 MB ( 89%) committed,  1 nodes.
      Class space:        1.00 GB reserved,       1.00 MB ( <1%) committed,  1 nodes.
             Both:        1.01 GB reserved,       8.12 MB ( <1%) committed. 

Chunk freelists:
   Non-Class:  2.00 KB
       Class:  3.05 MB
        Both:  3.05 MB

MaxMetaspaceSize: unlimited
CompressedClassSpaceSize: 1.00 GB
Initial GC threshold: 21.00 MB
Current GC threshold: 21.00 MB
CDS: on
MetaspaceReclaimPolicy: balanced
 - commit_granule_bytes: 65536.
 - commit_granule_words: 8192.
 - virtual_space_node_default_size: 1048576.
 - enlarge_chunks_in_place: 1.
 - new_chunks_are_fully_committed: 0.
 - uncommit_free_chunks: 1.
 - use_allocation_guard: 0.
 - handle_deallocations: 1.


Internal statistics:

num_allocs_failed_limit: 0.
num_arena_births: 118.
num_arena_deaths: 0.
num_vsnodes_births: 2.
num_vsnodes_deaths: 0.
num_space_committed: 130.
num_space_uncommitted: 0.
num_chunks_returned_to_freelist: 0.
num_chunks_taken_from_freelist: 168.
num_chunk_merges: 0.
num_chunk_splits: 88.
num_chunks_enlarged: 22.
num_purges: 0.
num_inconsistent_stats: 0.

CodeHeap 'non-profiled nmethods': size=120000Kb used=318Kb max_used=318Kb free=119681Kb
 bounds [0x000002d1b1e10000, 0x000002d1b2080000, 0x000002d1b9340000]
CodeHeap 'profiled nmethods': size=120000Kb used=1895Kb max_used=1895Kb free=118104Kb
 bounds [0x000002d1aa8e0000, 0x000002d1aab50000, 0x000002d1b1e10000]
CodeHeap 'non-nmethods': size=5760Kb used=1275Kb max_used=1289Kb free=4484Kb
 bounds [0x000002d1aa340000, 0x000002d1aa5b0000, 0x000002d1aa8e0000]
 total_blobs=1744 nmethods=1142 adapters=515
 compilation: enabled
              stopped_count=0, restarted_count=0
 full_count=0

Compilation events (20 events):
Event: 1.663 Thread 0x000002d1c138ae70 1136       3       java.lang.Double::doubleToLongBits (16 bytes)
Event: 1.663 Thread 0x000002d1c138ae70 nmethod 1136 0x000002d1aaab8a90 code [0x000002d1aaab8c40, 0x000002d1aaab8e98]
Event: 1.677 Thread 0x000002d1c138ae70 1137       1       java.nio.DirectByteBuffer::isReadOnly (2 bytes)
Event: 1.678 Thread 0x000002d1c138ae70 nmethod 1137 0x000002d1b1e5e590 code [0x000002d1b1e5e720, 0x000002d1b1e5e7f8]
Event: 1.682 Thread 0x000002d1c138ae70 1138       1       java.util.concurrent.locks.AbstractOwnableSynchronizer::setExclusiveOwnerThread (6 bytes)
Event: 1.682 Thread 0x000002d1c138ae70 nmethod 1138 0x000002d1b1e5e890 code [0x000002d1b1e5ea20, 0x000002d1b1e5eb38]
Event: 1.687 Thread 0x000002d1c38f5dd0 1139       4       java.lang.StringUTF16::compress (20 bytes)
Event: 1.688 Thread 0x000002d1c138ae70 1140       1       java.awt.AWTEvent::getID (5 bytes)
Event: 1.689 Thread 0x000002d1c138ae70 nmethod 1140 0x000002d1b1e5eb90 code [0x000002d1b1e5ed20, 0x000002d1b1e5edf8]
Event: 1.690 Thread 0x000002d1c38f5dd0 nmethod 1139 0x000002d1b1e5ee90 code [0x000002d1b1e5f020, 0x000002d1b1e5f278]
Event: 1.703 Thread 0x000002d1c138ae70 1141       3       java.lang.StrictMath::floorOrCeil (128 bytes)
Event: 1.704 Thread 0x000002d1c138ae70 nmethod 1141 0x000002d1aaab8f90 code [0x000002d1aaab9160, 0x000002d1aaab9618]
Event: 1.704 Thread 0x000002d1c138ae70 1142       3       java.lang.Math::getExponent (17 bytes)
Event: 1.704 Thread 0x000002d1c138ae70 nmethod 1142 0x000002d1aaab9710 code [0x000002d1aaab98a0, 0x000002d1aaab99d8]
Event: 1.704 Thread 0x000002d1c138ae70 1143       3       sun.java2d.StateTrackableDelegate::markDirty (6 bytes)
Event: 1.704 Thread 0x000002d1c138ae70 nmethod 1143 0x000002d1aaab9a90 code [0x000002d1aaab9c20, 0x000002d1aaab9d58]
Event: 1.705 Thread 0x000002d1c138ae70 1144       1       javax.swing.text.GapVector::getArray (5 bytes)
Event: 1.705 Thread 0x000002d1c138ae70 nmethod 1144 0x000002d1b1e5f390 code [0x000002d1b1e5f520, 0x000002d1b1e5f5f8]
Event: 1.705 Thread 0x000002d1c138ae70 1145       1       java.awt.Color::getRGB (5 bytes)
Event: 1.705 Thread 0x000002d1c138ae70 nmethod 1145 0x000002d1b1e5f690 code [0x000002d1b1e5f820, 0x000002d1b1e5f8f8]

GC Heap History (0 events):
No events

Deoptimization events (20 events):
Event: 0.985 Thread 0x000002d1a13014c0 Uncommon trap: trap_request=0xffffffc6 fr.pc=0x000002d1b1e3d058 relative=0x0000000000000ad8
Event: 0.985 Thread 0x000002d1a13014c0 Uncommon trap: reason=bimorphic_or_optimized_type_check action=maybe_recompile pc=0x000002d1b1e3d058 method=java.util.HashMap.putVal(ILjava/lang/Object;Ljava/lang/Object;ZZ)Ljava/lang/Object; @ 152 c2
Event: 0.985 Thread 0x000002d1a13014c0 DEOPT PACKING pc=0x000002d1b1e3d058 sp=0x000000f000dfc450
Event: 0.985 Thread 0x000002d1a13014c0 DEOPT UNPACKING pc=0x000002d1aa3923a3 sp=0x000000f000dfc378 mode 2
Event: 0.985 Thread 0x000002d1a13014c0 Uncommon trap: trap_request=0xffffffc6 fr.pc=0x000002d1b1e3d058 relative=0x0000000000000ad8
Event: 0.985 Thread 0x000002d1a13014c0 Uncommon trap: reason=bimorphic_or_optimized_type_check action=maybe_recompile pc=0x000002d1b1e3d058 method=java.util.HashMap.putVal(ILjava/lang/Object;Ljava/lang/Object;ZZ)Ljava/lang/Object; @ 152 c2
Event: 0.985 Thread 0x000002d1a13014c0 DEOPT PACKING pc=0x000002d1b1e3d058 sp=0x000000f000dfc450
Event: 0.985 Thread 0x000002d1a13014c0 DEOPT UNPACKING pc=0x000002d1aa3923a3 sp=0x000000f000dfc378 mode 2
Event: 1.570 Thread 0x000002d1c3678ca0 Uncommon trap: trap_request=0xffffff45 fr.pc=0x000002d1b1e1a134 relative=0x00000000000001b4
Event: 1.570 Thread 0x000002d1c3678ca0 Uncommon trap: reason=unstable_if action=reinterpret pc=0x000002d1b1e1a134 method=java.lang.String.isLatin1()Z @ 10 c2
Event: 1.570 Thread 0x000002d1c3678ca0 DEOPT PACKING pc=0x000002d1b1e1a134 sp=0x000000f0024fcd60
Event: 1.570 Thread 0x000002d1c3678ca0 DEOPT UNPACKING pc=0x000002d1aa3923a3 sp=0x000000f0024fcc90 mode 2
Event: 1.593 Thread 0x000002d1c3678ca0 Uncommon trap: trap_request=0xffffff45 fr.pc=0x000002d1b1e5956c relative=0x000000000000042c
Event: 1.593 Thread 0x000002d1c3678ca0 Uncommon trap: reason=unstable_if action=reinterpret pc=0x000002d1b1e5956c method=java.lang.Character.isSurrogate(C)Z @ 3 c2
Event: 1.593 Thread 0x000002d1c3678ca0 DEOPT PACKING pc=0x000002d1b1e5956c sp=0x000000f0024fca40
Event: 1.593 Thread 0x000002d1c3678ca0 DEOPT UNPACKING pc=0x000002d1aa3923a3 sp=0x000000f0024fc968 mode 2
Event: 1.658 Thread 0x000002d1c3678ca0 Uncommon trap: trap_request=0xffffff45 fr.pc=0x000002d1b1e4dc70 relative=0x0000000000000530
Event: 1.658 Thread 0x000002d1c3678ca0 Uncommon trap: reason=unstable_if action=reinterpret pc=0x000002d1b1e4dc70 method=java.lang.StringLatin1.toLowerCase(Ljava/lang/String;[BLjava/util/Locale;)Ljava/lang/String; @ 43 c2
Event: 1.658 Thread 0x000002d1c3678ca0 DEOPT PACKING pc=0x000002d1b1e4dc70 sp=0x000000f0024fcf10
Event: 1.658 Thread 0x000002d1c3678ca0 DEOPT UNPACKING pc=0x000002d1aa3923a3 sp=0x000000f0024fce80 mode 2

Classes unloaded (0 events):
No events

Classes redefined (0 events):
No events

Internal exceptions (17 events):
Event: 0.195 Thread 0x000002d1a13014c0 Exception <a 'sun/nio/fs/WindowsException'{0x0000000089a3f8a0}> (0x0000000089a3f8a0) 
thrown [t:\workspace\open\src\hotspot\share\prims\jni.cpp, line 516]
Event: 0.196 Thread 0x000002d1a13014c0 Exception <a 'sun/nio/fs/WindowsException'{0x0000000089a3fe48}> (0x0000000089a3fe48) 
thrown [t:\workspace\open\src\hotspot\share\prims\jni.cpp, line 516]
Event: 0.199 Thread 0x000002d1a13014c0 Exception <a 'sun/nio/fs/WindowsException'{0x0000000089a42398}> (0x0000000089a42398) 
thrown [t:\workspace\open\src\hotspot\share\prims\jni.cpp, line 516]
Event: 0.200 Thread 0x000002d1a13014c0 Exception <a 'sun/nio/fs/WindowsException'{0x0000000089a42ef8}> (0x0000000089a42ef8) 
thrown [t:\workspace\open\src\hotspot\share\prims\jni.cpp, line 516]
Event: 0.296 Thread 0x000002d1a13014c0 Exception <a 'java/lang/ClassNotFoundException'{0x0000000089ae2e00}: sun/awt/resources/spi/awtProvider> (0x0000000089ae2e00) 
thrown [t:\workspace\open\src\hotspot\share\classfile\systemDictionary.cpp, line 256]
Event: 0.361 Thread 0x000002d1a13014c0 Exception <a 'java/io/FileNotFoundException'{0x0000000089937d80}> (0x0000000089937d80) 
thrown [t:\workspace\open\src\hotspot\share\prims\jni.cpp, line 516]
Event: 0.384 Thread 0x000002d1a13014c0 Exception <a 'java/io/FileNotFoundException'{0x0000000089964ca8}> (0x0000000089964ca8) 
thrown [t:\workspace\open\src\hotspot\share\prims\jni.cpp, line 516]
Event: 0.495 Thread 0x000002d1a13014c0 Exception <a 'java/lang/NoSuchMethodError'{0x00000000899a9280}: 'java.lang.Object java.lang.invoke.DirectMethodHandle$Holder.invokeStaticInit(java.lang.Object)'> (0x00000000899a9280) 
thrown [t:\workspace\open\src\hotspot\share\interpreter\linkResolver.cpp, line 766]
Event: 0.563 Thread 0x000002d1a13014c0 Exception <a 'java/lang/NoSuchMethodError'{0x00000000898068e8}: 'void java.lang.invoke.DirectMethodHandle$Holder.invokeSpecial(java.lang.Object, java.lang.Object, java.lang.Object)'> (0x00000000898068e8) 
thrown [t:\workspace\open\src\hotspot\share\interpreter\linkResolver.cpp, line 766]
Event: 0.582 Thread 0x000002d1a13014c0 Exception <a 'java/lang/NoSuchMethodError'{0x0000000089830a88}: 'java.lang.Object java.lang.invoke.DirectMethodHandle$Holder.newInvokeSpecial(java.lang.Object, java.lang.Object, java.lang.Object, java.lang.Object, java.lang.Object)'> (0x0000000089830a88) 
thrown [t:\workspace\open\src\hotspot\share\interpreter\linkResolver.cpp, line 766]
Event: 0.585 Thread 0x000002d1a13014c0 Exception <a 'java/lang/NoSuchMethodError'{0x000000008983c450}: 'java.lang.Object java.lang.invoke.DirectMethodHandle$Holder.invokeStatic(java.lang.Object, int, java.lang.Object, java.lang.Object, java.lang.Object, java.lang.Object)'> (0x000000008983c450) 
thrown [t:\workspace\open\src\hotspot\share\interpreter\linkResolver.cpp, line 766]
Event: 0.597 Thread 0x000002d1a13014c0 Exception <a 'java/lang/NoSuchMethodError'{0x0000000089861c10}: 'java.lang.Object java.lang.invoke.DirectMethodHandle$Holder.invokeStatic(java.lang.Object, int, java.lang.Object)'> (0x0000000089861c10) 
thrown [t:\workspace\open\src\hotspot\share\interpreter\linkResolver.cpp, line 766]
Event: 0.659 Thread 0x000002d1a13014c0 Exception <a 'java/lang/ClassNotFoundException'{0x000000008971a5c8}: com/sun/swing/internal/plaf/metal/resources/spi/metalProvider> (0x000000008971a5c8) 
thrown [t:\workspace\open\src\hotspot\share\classfile\systemDictionary.cpp, line 256]
Event: 0.661 Thread 0x000002d1a13014c0 Exception <a 'java/lang/ClassNotFoundException'{0x000000008971e3d0}: com/sun/swing/internal/plaf/basic/resources/spi/basicProvider> (0x000000008971e3d0) 
thrown [t:\workspace\open\src\hotspot\share\classfile\systemDictionary.cpp, line 256]
Event: 0.771 Thread 0x000002d1c20ab320 Exception <a 'java/lang/NoSuchMethodError'{0x00000000896ebd78}: 'java.lang.Object java.lang.invoke.DirectMethodHandle$Holder.newInvokeSpecial(java.lang.Object, java.lang.Object, java.lang.Object, int, int, int, int, int)'> (0x00000000896ebd78) 
thrown [t:\workspace\open\src\hotspot\share\interpreter\linkResolver.cpp, line 766]
Event: 0.902 Thread 0x000002d1c20243e0 Exception <a 'java/lang/NoSuchMethodError'{0x00000000899fc2e8}: 'void java.lang.invoke.DirectMethodHandle$Holder.invokeVirtual(java.lang.Object, java.lang.Object)'> (0x00000000899fc2e8) 
thrown [t:\workspace\open\src\hotspot\share\interpreter\linkResolver.cpp, line 766]
Event: 0.936 Thread 0x000002d1a13014c0 Exception <a 'java/lang/NoSuchMethodError'{0x000000008930e5f8}: 'void java.lang.invoke.DirectMethodHandle$Holder.invokeStaticInit(java.lang.Object)'> (0x000000008930e5f8) 
thrown [t:\workspace\open\src\hotspot\share\interpreter\linkResolver.cpp, line 766]

VM Operations (12 events):
Event: 0.203 Executing VM operation: HandshakeAllThreads
Event: 0.203 Executing VM operation: HandshakeAllThreads done
Event: 0.862 Executing VM operation: HandshakeAllThreads
Event: 0.862 Executing VM operation: HandshakeAllThreads done
Event: 0.984 Executing VM operation: HandshakeAllThreads
Event: 0.984 Executing VM operation: HandshakeAllThreads done
Event: 1.078 Executing VM operation: HandshakeAllThreads
Event: 1.079 Executing VM operation: HandshakeAllThreads done
Event: 1.079 Executing VM operation: Cleanup
Event: 1.079 Executing VM operation: Cleanup done
Event: 1.123 Executing VM operation: HandshakeAllThreads
Event: 1.123 Executing VM operation: HandshakeAllThreads done

Events (20 events):
Event: 1.697 loading class java/text/AttributedString$AttributedStringIterator done
Event: 1.697 loading class java/awt/event/ContainerEvent
Event: 1.697 loading class java/awt/event/ContainerEvent done
Event: 1.698 loading class javax/swing/TimerQueue
Event: 1.698 loading class javax/swing/TimerQueue done
Event: 1.698 loading class java/util/concurrent/DelayQueue
Event: 1.698 loading class java/util/concurrent/BlockingQueue
Event: 1.698 loading class java/util/concurrent/BlockingQueue done
Event: 1.699 loading class java/util/concurrent/DelayQueue done
Event: 1.699 loading class java/util/PriorityQueue
Event: 1.699 loading class java/util/PriorityQueue done
Event: 1.701 Thread 0x000002d1c36e0b60 Thread added: 0x000002d1c36e0b60
Event: 1.701 loading class javax/swing/TimerQueue$DelayedTimer
Event: 1.701 loading class java/util/concurrent/Delayed
Event: 1.701 loading class java/util/concurrent/Delayed done
Event: 1.701 loading class javax/swing/TimerQueue$DelayedTimer done
Event: 1.702 loading class java/util/concurrent/TimeUnit$1
Event: 1.702 loading class java/util/concurrent/TimeUnit$1 done
Event: 1.702 loading class java/awt/TextComponent
Event: 1.702 loading class java/awt/TextComponent done


Dynamic libraries:
0x00007ff6e1040000 - 0x00007ff6e1050000 	C:\Program Files\Java\jdk-17.0.3.1\bin\java.exe
0x00007ff8021f0000 - 0x00007ff8023e8000 	C:\WINDOWS\SYSTEM32\ntdll.dll
0x00007ff800f80000 - 0x00007ff80103d000 	C:\WINDOWS\System32\KERNEL32.DLL
0x00007fffffbf0000 - 0x00007fffffee6000 	C:\WINDOWS\System32\KERNELBASE.dll
0x00007ffffc2c0000 - 0x00007ffffc350000 	C:\WINDOWS\SYSTEM32\apphelp.dll
0x00007fffffef0000 - 0x00007fffffff0000 	C:\WINDOWS\System32\ucrtbase.dll
0x00007ffff7870000 - 0x00007ffff788a000 	C:\Program Files\Java\jdk-17.0.3.1\bin\VCRUNTIME140.dll
0x00007fffdd280000 - 0x00007fffdd298000 	C:\Program Files\Java\jdk-17.0.3.1\bin\jli.dll
0x00007ff801040000 - 0x00007ff8010f0000 	C:\WINDOWS\System32\ADVAPI32.dll
0x00007ff8013c0000 - 0x00007ff80145e000 	C:\WINDOWS\System32\msvcrt.dll
0x00007ff8002c0000 - 0x00007ff800360000 	C:\WINDOWS\System32\sechost.dll
0x00007ff801cf0000 - 0x00007ff801e13000 	C:\WINDOWS\System32\RPCRT4.dll
0x00007ff800110000 - 0x00007ff800137000 	C:\WINDOWS\System32\bcrypt.dll
0x00007ff801f20000 - 0x00007ff8020bf000 	C:\WINDOWS\System32\USER32.dll
0x00007ff8001f0000 - 0x00007ff800212000 	C:\WINDOWS\System32\win32u.dll
0x00007fffeb300000 - 0x00007fffeb59a000 	C:\WINDOWS\WinSxS\amd64_microsoft.windows.common-controls_6595b64144ccf1df_6.0.19041.4355_none_60b8b9eb71f62e16\COMCTL32.dll
0x00007ff800220000 - 0x00007ff80024b000 	C:\WINDOWS\System32\GDI32.dll
0x00007fffffad0000 - 0x00007fffffbe7000 	C:\WINDOWS\System32\gdi32full.dll
0x00007ff800070000 - 0x00007ff80010d000 	C:\WINDOWS\System32\msvcp_win.dll
0x00007ffff92c0000 - 0x00007ffff92ca000 	C:\WINDOWS\SYSTEM32\VERSION.dll
0x00007ff801ca0000 - 0x00007ff801cd2000 	C:\WINDOWS\System32\IMM32.DLL
0x00007ffff7a50000 - 0x00007ffff7a5c000 	C:\Program Files\Java\jdk-17.0.3.1\bin\vcruntime140_1.dll
0x00007fffcbdf0000 - 0x00007fffcbe7d000 	C:\Program Files\Java\jdk-17.0.3.1\bin\msvcp140.dll
0x00007fff97f60000 - 0x00007fff98b20000 	C:\Program Files\Java\jdk-17.0.3.1\bin\server\jvm.dll
0x00007ff8021a0000 - 0x00007ff8021a8000 	C:\WINDOWS\System32\PSAPI.DLL
0x00007ffff3b30000 - 0x00007ffff3b39000 	C:\WINDOWS\SYSTEM32\WSOCK32.dll
0x00007ffffc000000 - 0x00007ffffc027000 	C:\WINDOWS\SYSTEM32\WINMM.dll
0x00007ff800250000 - 0x00007ff8002bb000 	C:\WINDOWS\System32\WS2_32.dll
0x00007ffffe0f0000 - 0x00007ffffe102000 	C:\WINDOWS\SYSTEM32\kernel.appcore.dll
0x00007ffff7970000 - 0x00007ffff797a000 	C:\Program Files\Java\jdk-17.0.3.1\bin\jimage.dll
0x00007ffffdcf0000 - 0x00007ffffded4000 	C:\WINDOWS\SYSTEM32\DBGHELP.DLL
0x00007ffff6ca0000 - 0x00007ffff6cd4000 	C:\WINDOWS\SYSTEM32\dbgcore.DLL
0x00007fffffa40000 - 0x00007fffffac2000 	C:\WINDOWS\System32\bcryptPrimitives.dll
0x00007fffd7190000 - 0x00007fffd71b5000 	C:\Program Files\Java\jdk-17.0.3.1\bin\java.dll
0x00007fffc9060000 - 0x00007fffc9136000 	C:\Program Files\Java\jdk-17.0.3.1\bin\jsvml.dll
0x00007ff801530000 - 0x00007ff801c9b000 	C:\WINDOWS\System32\SHELL32.dll
0x00007ffffd550000 - 0x00007ffffdced000 	C:\WINDOWS\SYSTEM32\windows.storage.dll
0x00007ff800480000 - 0x00007ff8007d3000 	C:\WINDOWS\System32\combase.dll
0x00007fffff2b0000 - 0x00007fffff2de000 	C:\WINDOWS\SYSTEM32\Wldp.dll
0x00007ff801460000 - 0x00007ff80152d000 	C:\WINDOWS\System32\OLEAUT32.dll
0x00007ff800910000 - 0x00007ff8009bd000 	C:\WINDOWS\System32\SHCORE.dll
0x00007ff800360000 - 0x00007ff8003b5000 	C:\WINDOWS\System32\shlwapi.dll
0x00007fffff7c0000 - 0x00007fffff7e4000 	C:\WINDOWS\SYSTEM32\profapi.dll
0x00007ffff3250000 - 0x00007ffff3269000 	C:\Program Files\Java\jdk-17.0.3.1\bin\net.dll
0x00007ffff6d20000 - 0x00007ffff6e2a000 	C:\WINDOWS\SYSTEM32\WINHTTP.dll
0x00007fffff010000 - 0x00007fffff07a000 	C:\WINDOWS\system32\mswsock.dll
0x00007fffecde0000 - 0x00007fffecdf6000 	C:\Program Files\Java\jdk-17.0.3.1\bin\nio.dll
0x00007fffb5f00000 - 0x00007fffb608f000 	C:\Program Files\Java\jdk-17.0.3.1\bin\awt.dll
0x00007ffffd1a0000 - 0x00007ffffd1cf000 	C:\WINDOWS\system32\DWMAPI.DLL
0x00007ffffcde0000 - 0x00007ffffce7e000 	C:\WINDOWS\system32\uxtheme.dll
0x00007fffdeef0000 - 0x00007fffdf015000 	C:\WINDOWS\system32\opengl32.dll
0x00007ffff02b0000 - 0x00007ffff02dc000 	C:\WINDOWS\SYSTEM32\GLU32.dll
0x00007ff8012a0000 - 0x00007ff8013b4000 	C:\WINDOWS\System32\MSCTF.dll
0x00007ff8007e0000 - 0x00007ff80090b000 	C:\WINDOWS\System32\ole32.dll
0x00007fffde480000 - 0x00007fffde498000 	C:\Program Files\Java\jdk-17.0.3.1\bin\zip.dll
0x00007fffdd250000 - 0x00007fffdd27d000 	C:\Program Files\Java\jdk-17.0.3.1\bin\javajpeg.dll
0x00007fffb88c0000 - 0x00007fffb8949000 	C:\Program Files\Java\jdk-17.0.3.1\bin\freetype.dll
0x00007fff9f3e0000 - 0x00007fff9f488000 	C:\Program Files\Java\jdk-17.0.3.1\bin\fontmanager.dll
0x00007ff800e30000 - 0x00007ff800ed9000 	C:\WINDOWS\System32\clbcatq.dll
0x00007ffffca50000 - 0x00007ffffcc04000 	C:\WINDOWS\SYSTEM32\WindowsCodecs.dll
0x00007fffea210000 - 0x00007fffea24e000 	C:\WINDOWS\system32\dataexchange.dll
0x00007ffff9980000 - 0x00007ffff9be3000 	C:\WINDOWS\system32\d3d11.dll
0x00007ffffa6e0000 - 0x00007ffffa8c5000 	C:\WINDOWS\system32\dcomp.dll
0x00007ffffe230000 - 0x00007ffffe322000 	C:\WINDOWS\system32\dxgi.dll
0x00007ffff6660000 - 0x00007ffff6863000 	C:\WINDOWS\system32\twinapi.appcore.dll
0x00007fffe9e60000 - 0x00007fffe9f59000 	C:\WINDOWS\SYSTEM32\textinputframework.dll
0x00007ffffb3b0000 - 0x00007ffffb4a2000 	C:\WINDOWS\System32\CoreMessaging.dll
0x00007ffffb050000 - 0x00007ffffb3ab000 	C:\WINDOWS\System32\CoreUIComponents.dll
0x00007ffffe9e0000 - 0x00007ffffea13000 	C:\WINDOWS\SYSTEM32\ntmarta.dll
0x00007ffffb660000 - 0x00007ffffb7b7000 	C:\WINDOWS\SYSTEM32\wintypes.dll

dbghelp: loaded successfully - version: 4.0.5 - missing functions: none
symbol engine: initialized successfully - sym options: 0x614 - pdb path: .;C:\Program Files\Java\jdk-17.0.3.1\bin;C:\WINDOWS\SYSTEM32;C:\WINDOWS\WinSxS\amd64_microsoft.windows.common-controls_6595b64144ccf1df_6.0.19041.4355_none_60b8b9eb71f62e16;C:\Program Files\Java\jdk-17.0.3.1\bin\server

VM Arguments:
jvm_args: -Dfile.encoding=UTF-8 --module-path=D:\Users\ASUS\OneDrive\Documents\NetBeansProjects\Bank Management System\build\classes 
java_command: bank.management.system.Login
java_class_path (initial): D:\Users\ASUS\OneDrive\Documents\NetBeansProjects\Bank Management System\build\classes
Launcher Type: SUN_STANDARD

[Global flags]
     intx CICompilerCount                          = 4                                         {product} {ergonomic}
     uint ConcGCThreads                            = 2                                         {product} {ergonomic}
     uint G1ConcRefinementThreads                  = 8                                         {product} {ergonomic}
   size_t G1HeapRegionSize                         = 1048576                                   {product} {ergonomic}
    uintx GCDrainStackTargetSize                   = 64                                        {product} {ergonomic}
   size_t InitialHeapSize                          = 134217728                                 {product} {ergonomic}
   size_t MarkStackSize                            = 4194304                                   {product} {ergonomic}
   size_t MaxHeapSize                              = 2118123520                                {product} {ergonomic}
   size_t MaxNewSize                               = 1270874112                                {product} {ergonomic}
   size_t MinHeapDeltaBytes                        = 1048576                                   {product} {ergonomic}
   size_t MinHeapSize                              = 8388608                                   {product} {ergonomic}
    uintx NonNMethodCodeHeapSize                   = 5839372                                {pd product} {ergonomic}
    uintx NonProfiledCodeHeapSize                  = 122909434                              {pd product} {ergonomic}
    uintx ProfiledCodeHeapSize                     = 122909434                              {pd product} {ergonomic}
    uintx ReservedCodeCacheSize                    = 251658240                              {pd product} {ergonomic}
     bool SegmentedCodeCache                       = true                                      {product} {ergonomic}
   size_t SoftMaxHeapSize                          = 2118123520                             {manageable} {ergonomic}
     bool UseCompressedClassPointers               = true                           {product lp64_product} {ergonomic}
     bool UseCompressedOops                        = true                           {product lp64_product} {ergonomic}
     bool UseG1GC                                  = true                                      {product} {ergonomic}
     bool UseLargePagesIndividualAllocation        = false                                  {pd product} {ergonomic}

Logging:
Log output configuration:
 #0: stdout all=warning uptime,level,tags
 #1: stderr all=off uptime,level,tags

Environment Variables:
PATH=C:\Program Files\Common Files\Oracle\Java\javapath;C:\WINDOWS\system32;C:\WINDOWS;C:\WINDOWS\System32\Wbem;C:\WINDOWS\System32\WindowsPowerShell\v1.0\;C:\WINDOWS\System32\OpenSSH\;C:\Program Files\Intel\WiFi\bin\;C:\Program Files\Common Files\Intel\WirelessCommon\;C:\Program Files (x86)\MySQL\MySQL Installer for Windows;C:\Program Files\nodejs\;C:\Program Files\Git\cmd;C:\Program Files\MySQL\MySQL Shell 8.0\bin\;C:\Users\ASUS\AppData\Local\Programs\Python\Python39\Scripts\;C:\Users\ASUS\AppData\Local\Programs\Python\Python39\;C:\Users\ASUS\AppData\Local\Programs\Python\Python38-32\Scripts\;C:\Users\ASUS\AppData\Local\Programs\Python\Python38-32\;C:\Users\ASUS\AppData\Local\Microsoft\WindowsApps;C:\Users\ASUS\AppData\Local\Programs\Microsoft VS Code\bin;C:\Users\ASUS\AppData\Roaming\npm
USERNAME=ASUS
OS=Windows_NT
PROCESSOR_IDENTIFIER=Intel64 Family 6 Model 142 Stepping 10, GenuineIntel



---------------  S Y S T E M  ---------------

OS:
 Windows 10 , 64 bit Build 19041 (10.0.19041.3636)
OS uptime: 33 days 3:07 hours

CPU: total 8 (initial active 8) (4 cores per cpu, 2 threads per core) family 6 model 142 stepping 10 microcode 0xb4, cx8, cmov, fxsr, ht, mmx, 3dnowpref, sse, sse2, sse3, ssse3, sse4.1, sse4.2, popcnt, lzcnt, tsc, tscinvbit, avx, avx2, aes, erms, clmul, bmi1, bmi2, adx, fma, vzeroupper, clflush, clflushopt

Memory: 4k page, system-wide physical 8073M (557M free)
TotalPageFile size 20068M (AvailPageFile size 3M)
current process WorkingSet (physical memory assigned to process): 82M, peak: 82M
current process commit charge ("private bytes"): 232M, peak: 232M

vm_info: Java HotSpot(TM) 64-Bit Server VM (17.0.3.1+2-LTS-6) for windows-amd64 JRE (17.0.3.1+2-LTS-6), built on Apr 25 2022 22:04:21 by "mach5one" with MS VC++ 16.8 / 16.9 (VS2019)

END.
