#
# There is insufficient memory for the Java Runtime Environment to continue.
# Native memory allocation (malloc) failed to allocate 2964208 bytes for Chunk::new
# Possible reasons:
#   The system is out of physical RAM or swap space
#   The process is running with CompressedOops enabled, and the Java Heap may be blocking the growth of the native heap
# Possible solutions:
#   Reduce memory load on the system
#   Increase physical memory or swap space
#   Check if swap backing store is full
#   Decrease Java heap size (-Xmx/-Xms)
#   Decrease number of Java threads
#   Decrease Java thread stack sizes (-Xss)
#   Set larger code cache with -XX:ReservedCodeCacheSize=
#   JVM is running with Unscaled Compressed Oops mode in which the Java heap is
#     placed in the first 4GB address space. The Java Heap base address is the
#     maximum limit for the native heap growth. Please use -XX:HeapBaseMinAddress
#     to set the Java Heap base and to place the Java Heap above 4GB virtual address.
# This output file may be truncated or incomplete.
#
#  Out of Memory Error (arena.cpp:189), pid=20960, tid=16432
#
# JRE version: Java(TM) SE Runtime Environment (17.0.3.1+2) (build 17.0.3.1+2-LTS-6)
# Java VM: Java HotSpot(TM) 64-Bit Server VM (17.0.3.1+2-LTS-6, mixed mode, sharing, tiered, compressed oops, compressed class ptrs, g1 gc, windows-amd64)
# No core dump will be written. Minidumps are not enabled by default on client versions of Windows
#

---------------  S U M M A R Y ------------

Command Line: -Dfile.encoding=UTF-8 --module-path=D:\Users\ASUS\OneDrive\Documents\NetBeansProjects\Bank Management System\build\classes bank.management.system.Login

Host: Intel(R) Core(TM) i5-8250U CPU @ 1.60GHz, 8 cores, 7G,  Windows 10 , 64 bit Build 19041 (10.0.19041.3636)
Time: Mon Jun 24 22:02:03 2024 India Standard Time elapsed time: 15.699525 seconds (0d 0h 0m 15s)

---------------  T H R E A D  ---------------

Current thread (0x00000233e127fb20):  JavaThread "C2 CompilerThread0" daemon [_thread_in_native, id=16432, stack(0x000000afca600000,0x000000afca700000)]


Current CompileTask:
C2:  15700 1945       4       java.util.HashMap::putVal (300 bytes)

Stack: [0x000000afca600000,0x000000afca700000]
Native frames: (J=compiled Java code, j=interpreted, Vv=VM code, C=native code)
V  [jvm.dll+0x6711ba]
V  [jvm.dll+0x7d0834]
V  [jvm.dll+0x7d1fde]
V  [jvm.dll+0x7d2643]
V  [jvm.dll+0x242c85]
V  [jvm.dll+0xaa57b]
V  [jvm.dll+0xaab0c]
V  [jvm.dll+0x35ff77]
V  [jvm.dll+0x32a581]
V  [jvm.dll+0x329a2a]
V  [jvm.dll+0x215d61]
V  [jvm.dll+0x215181]
V  [jvm.dll+0x1a1c3d]
V  [jvm.dll+0x2249c8]
V  [jvm.dll+0x222b2c]
V  [jvm.dll+0x78650b]
V  [jvm.dll+0x780aca]
V  [jvm.dll+0x670045]
C  [ucrtbase.dll+0x21bb2]
C  [KERNEL32.DLL+0x17344]
C  [ntdll.dll+0x526b1]


---------------  P R O C E S S  ---------------

Threads class SMR info:
_java_thread_list=0x00000233e6b6fd80, length=19, elements={
0x00000233e12698f0, 0x00000233e126b680, 0x00000233e127a2d0, 0x00000233e127bda0,
0x00000233e127e670, 0x00000233e127ef30, 0x00000233e127fb20, 0x00000233e12884e0,
0x00000233e1298a10, 0x00000233e12522f0, 0x00000233e1d0b9b0, 0x00000233e1efef00,
0x00000233e1f05ea0, 0x00000233e1f09590, 0x00000233e1fcc9a0, 0x00000233e2b9b9e0,
0x00000233e2b98e90, 0x00000233e2b984f0, 0x00000233e2b9b510
}

Java Threads: ( => current thread )
  0x00000233e12698f0 JavaThread "Reference Handler" daemon [_thread_blocked, id=17252, stack(0x000000afca000000,0x000000afca100000)]
  0x00000233e126b680 JavaThread "Finalizer" daemon [_thread_blocked, id=20876, stack(0x000000afca100000,0x000000afca200000)]
  0x00000233e127a2d0 JavaThread "Signal Dispatcher" daemon [_thread_blocked, id=21004, stack(0x000000afca200000,0x000000afca300000)]
  0x00000233e127bda0 JavaThread "Attach Listener" daemon [_thread_blocked, id=18572, stack(0x000000afca300000,0x000000afca400000)]
  0x00000233e127e670 JavaThread "Service Thread" daemon [_thread_blocked, id=22164, stack(0x000000afca400000,0x000000afca500000)]
  0x00000233e127ef30 JavaThread "Monitor Deflation Thread" daemon [_thread_blocked, id=19824, stack(0x000000afca500000,0x000000afca600000)]
=>0x00000233e127fb20 JavaThread "C2 CompilerThread0" daemon [_thread_in_native, id=16432, stack(0x000000afca600000,0x000000afca700000)]
  0x00000233e12884e0 JavaThread "C1 CompilerThread0" daemon [_thread_blocked, id=18028, stack(0x000000afca700000,0x000000afca800000)]
  0x00000233e1298a10 JavaThread "Sweeper thread" daemon [_thread_blocked, id=8256, stack(0x000000afca800000,0x000000afca900000)]
  0x00000233e12522f0 JavaThread "Common-Cleaner" daemon [_thread_blocked, id=10840, stack(0x000000afca900000,0x000000afcaa00000)]
  0x00000233e1d0b9b0 JavaThread "Notification Thread" daemon [_thread_blocked, id=19972, stack(0x000000afcaa00000,0x000000afcab00000)]
  0x00000233e1efef00 JavaThread "Java2D Disposer" daemon [_thread_blocked, id=19676, stack(0x000000afcac00000,0x000000afcad00000)]
  0x00000233e1f05ea0 JavaThread "AWT-Shutdown" [_thread_blocked, id=22020, stack(0x000000afcad00000,0x000000afcae00000)]
  0x00000233e1f09590 JavaThread "AWT-Windows" daemon [_thread_in_native, id=19768, stack(0x000000afcae00000,0x000000afcaf00000)]
  0x00000233e1fcc9a0 JavaThread "AWT-EventQueue-0" [_thread_blocked, id=22104, stack(0x000000afcb000000,0x000000afcb100000)]
  0x00000233e2b9b9e0 JavaThread "DestroyJavaVM" [_thread_blocked, id=17328, stack(0x000000afc9900000,0x000000afc9a00000)]
  0x00000233e2b98e90 JavaThread "TimerQueue" daemon [_thread_blocked, id=2556, stack(0x000000afcb400000,0x000000afcb500000)]
  0x00000233e2b984f0 JavaThread "mysql-cj-abandoned-connection-cleanup" daemon [_thread_blocked, id=21800, stack(0x000000afcaf00000,0x000000afcb000000)]
  0x00000233e2b9b510 JavaThread "Image Fetcher 0" daemon [_thread_blocked, id=12964, stack(0x000000afcbe00000,0x000000afcbf00000)]

Other Threads:
  0x00000233e1263de0 VMThread "VM Thread" [stack: 0x000000afc9f00000,0x000000afca000000] [id=19664]
  0x00000233c3212d60 WatcherThread [stack: 0x000000afcab00000,0x000000afcac00000] [id=18364]
  0x00000233c31eaf10 GCTaskThread "GC Thread#0" [stack: 0x000000afc9a00000,0x000000afc9b00000] [id=18088]
  0x00000233e2c18c90 GCTaskThread "GC Thread#1" [stack: 0x000000afcb500000,0x000000afcb600000] [id=16420]
  0x00000233e2c18f40 GCTaskThread "GC Thread#2" [stack: 0x000000afcb600000,0x000000afcb700000] [id=20096]
  0x00000233e2de5b70 GCTaskThread "GC Thread#3" [stack: 0x000000afcb700000,0x000000afcb800000] [id=10536]
  0x00000233e2de5e20 GCTaskThread "GC Thread#4" [stack: 0x000000afcb800000,0x000000afcb900000] [id=20888]
  0x00000233e2de60d0 GCTaskThread "GC Thread#5" [stack: 0x000000afcb900000,0x000000afcba00000] [id=17964]
  0x00000233e44280e0 GCTaskThread "GC Thread#6" [stack: 0x000000afcba00000,0x000000afcbb00000] [id=19408]
  0x00000233e4428390 GCTaskThread "GC Thread#7" [stack: 0x000000afcbb00000,0x000000afcbc00000] [id=21340]
  0x00000233c31fde00 ConcurrentGCThread "G1 Main Marker" [stack: 0x000000afc9b00000,0x000000afc9c00000] [id=21968]
  0x00000233c31fe720 ConcurrentGCThread "G1 Conc#0" [stack: 0x000000afc9c00000,0x000000afc9d00000] [id=16576]
  0x00000233c326d6d0 ConcurrentGCThread "G1 Refine#0" [stack: 0x000000afc9d00000,0x000000afc9e00000] [id=21732]
  0x00000233e2e00f30 ConcurrentGCThread "G1 Refine#1" [stack: 0x000000afcbc00000,0x000000afcbd00000] [id=15612]
  0x00000233e2e01210 ConcurrentGCThread "G1 Refine#2" [stack: 0x000000afcbd00000,0x000000afcbe00000] [id=10844]
  0x00000233c326e000 ConcurrentGCThread "G1 Service" [stack: 0x000000afc9e00000,0x000000afc9f00000] [id=19764]

Threads with active compile tasks:
C2 CompilerThread0    15765 1945       4       java.util.HashMap::putVal (300 bytes)

VM state: not at safepoint (normal execution)

VM Mutex/Monitor currently owned by a thread: None

Heap address: 0x0000000081c00000, size: 2020 MB, Compressed Oops mode: 32-bit

CDS archive(s) mapped at: [0x0000000800000000-0x0000000800bc0000-0x0000000800bc0000), size 12320768, SharedBaseAddress: 0x0000000800000000, ArchiveRelocationMode: 0.
Compressed class space mapped at: 0x0000000800c00000-0x0000000840c00000, reserved size: 1073741824
Narrow klass base: 0x0000000800000000, Narrow klass shift: 0, Narrow klass range: 0x100000000

GC Precious Log:
 CPUs: 8 total, 8 available
 Memory: 8073M
 Large Page Support: Disabled
 NUMA Support: Disabled
 Compressed Oops: Enabled (32-bit)
 Heap Region Size: 1M
 Heap Min Capacity: 8M
 Heap Initial Capacity: 128M
 Heap Max Capacity: 2020M
 Pre-touch: Disabled
 Parallel Workers: 8
 Concurrent Workers: 2
 Concurrent Refinement Workers: 8
 Periodic GC: Disabled

Heap:
 garbage-first heap   total 131072K, used 26024K [0x0000000081c00000, 0x0000000100000000)
  region size 1024K, 6 young (6144K), 3 survivors (3072K)
 Metaspace       used 17542K, committed 17728K, reserved 1064960K
  class space    used 1956K, committed 2048K, reserved 1048576K

Heap Regions: E=young(eden), S=young(survivor), O=old, HS=humongous(starts), HC=humongous(continues), CS=collection set, F=free, OA=open archive, CA=closed archive, TAMS=top-at-mark-start (previous, next)
|   0|0x0000000081c00000, 0x0000000081d00000, 0x0000000081d00000|100%|HS|  |TAMS 0x0000000081c00000, 0x0000000081c00000| Complete 
|   1|0x0000000081d00000, 0x0000000081e00000, 0x0000000081e00000|100%|HC|  |TAMS 0x0000000081d00000, 0x0000000081d00000| Complete 
|   2|0x0000000081e00000, 0x0000000081f00000, 0x0000000081f00000|100%|HC|  |TAMS 0x0000000081e00000, 0x0000000081e00000| Complete 
|   3|0x0000000081f00000, 0x0000000082000000, 0x0000000082000000|100%| O|  |TAMS 0x0000000081f00000, 0x0000000081f00000| Untracked 
|   4|0x0000000082000000, 0x0000000082100000, 0x0000000082100000|100%| O|  |TAMS 0x0000000082000000, 0x0000000082000000| Untracked 
|   5|0x0000000082100000, 0x0000000082200000, 0x0000000082200000|100%|HS|  |TAMS 0x0000000082100000, 0x0000000082100000| Complete 
|   6|0x0000000082200000, 0x0000000082300000, 0x0000000082300000|100%|HC|  |TAMS 0x0000000082200000, 0x0000000082200000| Complete 
|   7|0x0000000082300000, 0x0000000082400000, 0x0000000082400000|100%|HC|  |TAMS 0x0000000082300000, 0x0000000082300000| Complete 
|   8|0x0000000082400000, 0x0000000082500000, 0x0000000082500000|100%|HC|  |TAMS 0x0000000082400000, 0x0000000082400000| Complete 
|   9|0x0000000082500000, 0x0000000082600000, 0x0000000082600000|100%|HS|  |TAMS 0x0000000082500000, 0x0000000082500000| Complete 
|  10|0x0000000082600000, 0x0000000082700000, 0x0000000082700000|100%|HC|  |TAMS 0x0000000082600000, 0x0000000082600000| Complete 
|  11|0x0000000082700000, 0x0000000082800000, 0x0000000082800000|100%|HC|  |TAMS 0x0000000082700000, 0x0000000082700000| Complete 
|  12|0x0000000082800000, 0x0000000082900000, 0x0000000082900000|100%|HC|  |TAMS 0x0000000082800000, 0x0000000082800000| Complete 
|  13|0x0000000082900000, 0x0000000082a00000, 0x0000000082a00000|100%| O|  |TAMS 0x0000000082900000, 0x0000000082900000| Untracked 
|  14|0x0000000082a00000, 0x0000000082b00000, 0x0000000082b00000|100%| O|  |TAMS 0x0000000082a00000, 0x0000000082a00000| Untracked 
|  15|0x0000000082b00000, 0x0000000082bc5a00, 0x0000000082c00000| 77%| O|  |TAMS 0x0000000082b00000, 0x0000000082b00000| Untracked 
|  16|0x0000000082c00000, 0x0000000082d00000, 0x0000000082d00000|100%|HS|  |TAMS 0x0000000082c00000, 0x0000000082c00000| Complete 
|  17|0x0000000082d00000, 0x0000000082e00000, 0x0000000082e00000|100%|HC|  |TAMS 0x0000000082d00000, 0x0000000082d00000| Complete 
|  18|0x0000000082e00000, 0x0000000082f00000, 0x0000000082f00000|100%|HC|  |TAMS 0x0000000082e00000, 0x0000000082e00000| Complete 
|  19|0x0000000082f00000, 0x0000000083000000, 0x0000000083000000|100%|HC|  |TAMS 0x0000000082f00000, 0x0000000082f00000| Complete 
|  20|0x0000000083000000, 0x0000000083100000, 0x0000000083100000|100%|HC|  |TAMS 0x0000000083000000, 0x0000000083000000| Complete 
|  21|0x0000000083100000, 0x0000000083100000, 0x0000000083200000|  0%| F|  |TAMS 0x0000000083100000, 0x0000000083100000| Untracked 
|  22|0x0000000083200000, 0x0000000083200000, 0x0000000083300000|  0%| F|  |TAMS 0x0000000083200000, 0x0000000083200000| Untracked 
|  23|0x0000000083300000, 0x0000000083300000, 0x0000000083400000|  0%| F|  |TAMS 0x0000000083300000, 0x0000000083300000| Untracked 
|  24|0x0000000083400000, 0x0000000083400000, 0x0000000083500000|  0%| F|  |TAMS 0x0000000083400000, 0x0000000083400000| Untracked 
|  25|0x0000000083500000, 0x0000000083500000, 0x0000000083600000|  0%| F|  |TAMS 0x0000000083500000, 0x0000000083500000| Untracked 
|  26|0x0000000083600000, 0x0000000083600000, 0x0000000083700000|  0%| F|  |TAMS 0x0000000083600000, 0x0000000083600000| Untracked 
|  27|0x0000000083700000, 0x0000000083700000, 0x0000000083800000|  0%| F|  |TAMS 0x0000000083700000, 0x0000000083700000| Untracked 
|  28|0x0000000083800000, 0x0000000083800000, 0x0000000083900000|  0%| F|  |TAMS 0x0000000083800000, 0x0000000083800000| Untracked 
|  29|0x0000000083900000, 0x0000000083900000, 0x0000000083a00000|  0%| F|  |TAMS 0x0000000083900000, 0x0000000083900000| Untracked 
|  30|0x0000000083a00000, 0x0000000083a00000, 0x0000000083b00000|  0%| F|  |TAMS 0x0000000083a00000, 0x0000000083a00000| Untracked 
|  31|0x0000000083b00000, 0x0000000083b00000, 0x0000000083c00000|  0%| F|  |TAMS 0x0000000083b00000, 0x0000000083b00000| Untracked 
|  32|0x0000000083c00000, 0x0000000083c00000, 0x0000000083d00000|  0%| F|  |TAMS 0x0000000083c00000, 0x0000000083c00000| Untracked 
|  33|0x0000000083d00000, 0x0000000083d00000, 0x0000000083e00000|  0%| F|  |TAMS 0x0000000083d00000, 0x0000000083d00000| Untracked 
|  34|0x0000000083e00000, 0x0000000083e00000, 0x0000000083f00000|  0%| F|  |TAMS 0x0000000083e00000, 0x0000000083e00000| Untracked 
|  35|0x0000000083f00000, 0x0000000083f00000, 0x0000000084000000|  0%| F|  |TAMS 0x0000000083f00000, 0x0000000083f00000| Untracked 
|  36|0x0000000084000000, 0x0000000084000000, 0x0000000084100000|  0%| F|  |TAMS 0x0000000084000000, 0x0000000084000000| Untracked 
|  37|0x0000000084100000, 0x0000000084100000, 0x0000000084200000|  0%| F|  |TAMS 0x0000000084100000, 0x0000000084100000| Untracked 
|  38|0x0000000084200000, 0x0000000084200000, 0x0000000084300000|  0%| F|  |TAMS 0x0000000084200000, 0x0000000084200000| Untracked 
|  39|0x0000000084300000, 0x0000000084300000, 0x0000000084400000|  0%| F|  |TAMS 0x0000000084300000, 0x0000000084300000| Untracked 
|  40|0x0000000084400000, 0x0000000084400000, 0x0000000084500000|  0%| F|  |TAMS 0x0000000084400000, 0x0000000084400000| Untracked 
|  41|0x0000000084500000, 0x0000000084500000, 0x0000000084600000|  0%| F|  |TAMS 0x0000000084500000, 0x0000000084500000| Untracked 
|  42|0x0000000084600000, 0x0000000084600000, 0x0000000084700000|  0%| F|  |TAMS 0x0000000084600000, 0x0000000084600000| Untracked 
|  43|0x0000000084700000, 0x0000000084700000, 0x0000000084800000|  0%| F|  |TAMS 0x0000000084700000, 0x0000000084700000| Untracked 
|  44|0x0000000084800000, 0x0000000084800000, 0x0000000084900000|  0%| F|  |TAMS 0x0000000084800000, 0x0000000084800000| Untracked 
|  45|0x0000000084900000, 0x0000000084900000, 0x0000000084a00000|  0%| F|  |TAMS 0x0000000084900000, 0x0000000084900000| Untracked 
|  46|0x0000000084a00000, 0x0000000084a00000, 0x0000000084b00000|  0%| F|  |TAMS 0x0000000084a00000, 0x0000000084a00000| Untracked 
|  47|0x0000000084b00000, 0x0000000084b00000, 0x0000000084c00000|  0%| F|  |TAMS 0x0000000084b00000, 0x0000000084b00000| Untracked 
|  48|0x0000000084c00000, 0x0000000084c00000, 0x0000000084d00000|  0%| F|  |TAMS 0x0000000084c00000, 0x0000000084c00000| Untracked 
|  49|0x0000000084d00000, 0x0000000084d00000, 0x0000000084e00000|  0%| F|  |TAMS 0x0000000084d00000, 0x0000000084d00000| Untracked 
|  50|0x0000000084e00000, 0x0000000084e00000, 0x0000000084f00000|  0%| F|  |TAMS 0x0000000084e00000, 0x0000000084e00000| Untracked 
|  51|0x0000000084f00000, 0x0000000084f00000, 0x0000000085000000|  0%| F|  |TAMS 0x0000000084f00000, 0x0000000084f00000| Untracked 
|  52|0x0000000085000000, 0x0000000085000000, 0x0000000085100000|  0%| F|  |TAMS 0x0000000085000000, 0x0000000085000000| Untracked 
|  53|0x0000000085100000, 0x0000000085100000, 0x0000000085200000|  0%| F|  |TAMS 0x0000000085100000, 0x0000000085100000| Untracked 
|  54|0x0000000085200000, 0x0000000085200000, 0x0000000085300000|  0%| F|  |TAMS 0x0000000085200000, 0x0000000085200000| Untracked 
|  55|0x0000000085300000, 0x0000000085300000, 0x0000000085400000|  0%| F|  |TAMS 0x0000000085300000, 0x0000000085300000| Untracked 
|  56|0x0000000085400000, 0x0000000085400000, 0x0000000085500000|  0%| F|  |TAMS 0x0000000085400000, 0x0000000085400000| Untracked 
|  57|0x0000000085500000, 0x0000000085500000, 0x0000000085600000|  0%| F|  |TAMS 0x0000000085500000, 0x0000000085500000| Untracked 
|  58|0x0000000085600000, 0x0000000085600000, 0x0000000085700000|  0%| F|  |TAMS 0x0000000085600000, 0x0000000085600000| Untracked 
|  59|0x0000000085700000, 0x0000000085700000, 0x0000000085800000|  0%| F|  |TAMS 0x0000000085700000, 0x0000000085700000| Untracked 
|  60|0x0000000085800000, 0x0000000085800000, 0x0000000085900000|  0%| F|  |TAMS 0x0000000085800000, 0x0000000085800000| Untracked 
|  61|0x0000000085900000, 0x0000000085900000, 0x0000000085a00000|  0%| F|  |TAMS 0x0000000085900000, 0x0000000085900000| Untracked 
|  62|0x0000000085a00000, 0x0000000085a00000, 0x0000000085b00000|  0%| F|  |TAMS 0x0000000085a00000, 0x0000000085a00000| Untracked 
|  63|0x0000000085b00000, 0x0000000085b00000, 0x0000000085c00000|  0%| F|  |TAMS 0x0000000085b00000, 0x0000000085b00000| Untracked 
|  64|0x0000000085c00000, 0x0000000085c00000, 0x0000000085d00000|  0%| F|  |TAMS 0x0000000085c00000, 0x0000000085c00000| Untracked 
|  65|0x0000000085d00000, 0x0000000085d00000, 0x0000000085e00000|  0%| F|  |TAMS 0x0000000085d00000, 0x0000000085d00000| Untracked 
|  66|0x0000000085e00000, 0x0000000085e00000, 0x0000000085f00000|  0%| F|  |TAMS 0x0000000085e00000, 0x0000000085e00000| Untracked 
|  67|0x0000000085f00000, 0x0000000085f00000, 0x0000000086000000|  0%| F|  |TAMS 0x0000000085f00000, 0x0000000085f00000| Untracked 
|  68|0x0000000086000000, 0x0000000086000000, 0x0000000086100000|  0%| F|  |TAMS 0x0000000086000000, 0x0000000086000000| Untracked 
|  69|0x0000000086100000, 0x0000000086100000, 0x0000000086200000|  0%| F|  |TAMS 0x0000000086100000, 0x0000000086100000| Untracked 
|  70|0x0000000086200000, 0x0000000086200000, 0x0000000086300000|  0%| F|  |TAMS 0x0000000086200000, 0x0000000086200000| Untracked 
|  71|0x0000000086300000, 0x0000000086300000, 0x0000000086400000|  0%| F|  |TAMS 0x0000000086300000, 0x0000000086300000| Untracked 
|  72|0x0000000086400000, 0x0000000086400000, 0x0000000086500000|  0%| F|  |TAMS 0x0000000086400000, 0x0000000086400000| Untracked 
|  73|0x0000000086500000, 0x0000000086500000, 0x0000000086600000|  0%| F|  |TAMS 0x0000000086500000, 0x0000000086500000| Untracked 
|  74|0x0000000086600000, 0x0000000086600000, 0x0000000086700000|  0%| F|  |TAMS 0x0000000086600000, 0x0000000086600000| Untracked 
|  75|0x0000000086700000, 0x0000000086700000, 0x0000000086800000|  0%| F|  |TAMS 0x0000000086700000, 0x0000000086700000| Untracked 
|  76|0x0000000086800000, 0x0000000086800000, 0x0000000086900000|  0%| F|  |TAMS 0x0000000086800000, 0x0000000086800000| Untracked 
|  77|0x0000000086900000, 0x0000000086900000, 0x0000000086a00000|  0%| F|  |TAMS 0x0000000086900000, 0x0000000086900000| Untracked 
|  78|0x0000000086a00000, 0x0000000086a00000, 0x0000000086b00000|  0%| F|  |TAMS 0x0000000086a00000, 0x0000000086a00000| Untracked 
|  79|0x0000000086b00000, 0x0000000086b00000, 0x0000000086c00000|  0%| F|  |TAMS 0x0000000086b00000, 0x0000000086b00000| Untracked 
|  80|0x0000000086c00000, 0x0000000086c00000, 0x0000000086d00000|  0%| F|  |TAMS 0x0000000086c00000, 0x0000000086c00000| Untracked 
|  81|0x0000000086d00000, 0x0000000086d00000, 0x0000000086e00000|  0%| F|  |TAMS 0x0000000086d00000, 0x0000000086d00000| Untracked 
|  82|0x0000000086e00000, 0x0000000086e00000, 0x0000000086f00000|  0%| F|  |TAMS 0x0000000086e00000, 0x0000000086e00000| Untracked 
|  83|0x0000000086f00000, 0x0000000086f00000, 0x0000000087000000|  0%| F|  |TAMS 0x0000000086f00000, 0x0000000086f00000| Untracked 
|  84|0x0000000087000000, 0x0000000087000000, 0x0000000087100000|  0%| F|  |TAMS 0x0000000087000000, 0x0000000087000000| Untracked 
|  85|0x0000000087100000, 0x0000000087100000, 0x0000000087200000|  0%| F|  |TAMS 0x0000000087100000, 0x0000000087100000| Untracked 
|  86|0x0000000087200000, 0x0000000087200000, 0x0000000087300000|  0%| F|  |TAMS 0x0000000087200000, 0x0000000087200000| Untracked 
|  87|0x0000000087300000, 0x0000000087300000, 0x0000000087400000|  0%| F|  |TAMS 0x0000000087300000, 0x0000000087300000| Untracked 
|  88|0x0000000087400000, 0x0000000087400000, 0x0000000087500000|  0%| F|  |TAMS 0x0000000087400000, 0x0000000087400000| Untracked 
|  89|0x0000000087500000, 0x0000000087500000, 0x0000000087600000|  0%| F|  |TAMS 0x0000000087500000, 0x0000000087500000| Untracked 
|  90|0x0000000087600000, 0x0000000087600000, 0x0000000087700000|  0%| F|  |TAMS 0x0000000087600000, 0x0000000087600000| Untracked 
|  91|0x0000000087700000, 0x0000000087700000, 0x0000000087800000|  0%| F|  |TAMS 0x0000000087700000, 0x0000000087700000| Untracked 
|  92|0x0000000087800000, 0x0000000087800000, 0x0000000087900000|  0%| F|  |TAMS 0x0000000087800000, 0x0000000087800000| Untracked 
|  93|0x0000000087900000, 0x0000000087900000, 0x0000000087a00000|  0%| F|  |TAMS 0x0000000087900000, 0x0000000087900000| Untracked 
|  94|0x0000000087a00000, 0x0000000087a00000, 0x0000000087b00000|  0%| F|  |TAMS 0x0000000087a00000, 0x0000000087a00000| Untracked 
|  95|0x0000000087b00000, 0x0000000087b00000, 0x0000000087c00000|  0%| F|  |TAMS 0x0000000087b00000, 0x0000000087b00000| Untracked 
|  96|0x0000000087c00000, 0x0000000087c00000, 0x0000000087d00000|  0%| F|  |TAMS 0x0000000087c00000, 0x0000000087c00000| Untracked 
|  97|0x0000000087d00000, 0x0000000087d00000, 0x0000000087e00000|  0%| F|  |TAMS 0x0000000087d00000, 0x0000000087d00000| Untracked 
|  98|0x0000000087e00000, 0x0000000087ea4830, 0x0000000087f00000| 64%| S|CS|TAMS 0x0000000087e00000, 0x0000000087e00000| Complete 
|  99|0x0000000087f00000, 0x0000000088000000, 0x0000000088000000|100%| S|CS|TAMS 0x0000000087f00000, 0x0000000087f00000| Complete 
| 100|0x0000000088000000, 0x0000000088100000, 0x0000000088100000|100%| S|CS|TAMS 0x0000000088000000, 0x0000000088000000| Complete 
| 101|0x0000000088100000, 0x0000000088100000, 0x0000000088200000|  0%| F|  |TAMS 0x0000000088100000, 0x0000000088100000| Untracked 
| 102|0x0000000088200000, 0x0000000088200000, 0x0000000088300000|  0%| F|  |TAMS 0x0000000088200000, 0x0000000088200000| Untracked 
| 103|0x0000000088300000, 0x0000000088300000, 0x0000000088400000|  0%| F|  |TAMS 0x0000000088300000, 0x0000000088300000| Untracked 
| 104|0x0000000088400000, 0x0000000088400000, 0x0000000088500000|  0%| F|  |TAMS 0x0000000088400000, 0x0000000088400000| Untracked 
| 105|0x0000000088500000, 0x0000000088500000, 0x0000000088600000|  0%| F|  |TAMS 0x0000000088500000, 0x0000000088500000| Untracked 
| 106|0x0000000088600000, 0x0000000088600000, 0x0000000088700000|  0%| F|  |TAMS 0x0000000088600000, 0x0000000088600000| Untracked 
| 107|0x0000000088700000, 0x0000000088700000, 0x0000000088800000|  0%| F|  |TAMS 0x0000000088700000, 0x0000000088700000| Untracked 
| 108|0x0000000088800000, 0x0000000088800000, 0x0000000088900000|  0%| F|  |TAMS 0x0000000088800000, 0x0000000088800000| Untracked 
| 109|0x0000000088900000, 0x0000000088900000, 0x0000000088a00000|  0%| F|  |TAMS 0x0000000088900000, 0x0000000088900000| Untracked 
| 110|0x0000000088a00000, 0x0000000088a00000, 0x0000000088b00000|  0%| F|  |TAMS 0x0000000088a00000, 0x0000000088a00000| Untracked 
| 111|0x0000000088b00000, 0x0000000088b00000, 0x0000000088c00000|  0%| F|  |TAMS 0x0000000088b00000, 0x0000000088b00000| Untracked 
| 112|0x0000000088c00000, 0x0000000088c00000, 0x0000000088d00000|  0%| F|  |TAMS 0x0000000088c00000, 0x0000000088c00000| Untracked 
| 113|0x0000000088d00000, 0x0000000088d00000, 0x0000000088e00000|  0%| F|  |TAMS 0x0000000088d00000, 0x0000000088d00000| Untracked 
| 114|0x0000000088e00000, 0x0000000088e00000, 0x0000000088f00000|  0%| F|  |TAMS 0x0000000088e00000, 0x0000000088e00000| Untracked 
| 115|0x0000000088f00000, 0x0000000088f00000, 0x0000000089000000|  0%| F|  |TAMS 0x0000000088f00000, 0x0000000088f00000| Untracked 
| 116|0x0000000089000000, 0x0000000089000000, 0x0000000089100000|  0%| F|  |TAMS 0x0000000089000000, 0x0000000089000000| Untracked 
| 117|0x0000000089100000, 0x0000000089100000, 0x0000000089200000|  0%| F|  |TAMS 0x0000000089100000, 0x0000000089100000| Untracked 
| 118|0x0000000089200000, 0x0000000089200000, 0x0000000089300000|  0%| F|  |TAMS 0x0000000089200000, 0x0000000089200000| Untracked 
| 119|0x0000000089300000, 0x0000000089300000, 0x0000000089400000|  0%| F|  |TAMS 0x0000000089300000, 0x0000000089300000| Untracked 
| 120|0x0000000089400000, 0x0000000089400000, 0x0000000089500000|  0%| F|  |TAMS 0x0000000089400000, 0x0000000089400000| Untracked 
| 121|0x0000000089500000, 0x0000000089500000, 0x0000000089600000|  0%| F|  |TAMS 0x0000000089500000, 0x0000000089500000| Untracked 
| 122|0x0000000089600000, 0x0000000089600000, 0x0000000089700000|  0%| F|  |TAMS 0x0000000089600000, 0x0000000089600000| Untracked 
| 123|0x0000000089700000, 0x0000000089700000, 0x0000000089800000|  0%| F|  |TAMS 0x0000000089700000, 0x0000000089700000| Untracked 
| 124|0x0000000089800000, 0x0000000089800000, 0x0000000089900000|  0%| F|  |TAMS 0x0000000089800000, 0x0000000089800000| Untracked 
| 125|0x0000000089900000, 0x0000000089982e50, 0x0000000089a00000| 51%| E|  |TAMS 0x0000000089900000, 0x0000000089900000| Complete 
| 126|0x0000000089a00000, 0x0000000089b00000, 0x0000000089b00000|100%| E|CS|TAMS 0x0000000089a00000, 0x0000000089a00000| Complete 
| 127|0x0000000089b00000, 0x0000000089c00000, 0x0000000089c00000|100%| E|CS|TAMS 0x0000000089b00000, 0x0000000089b00000| Complete 

Card table byte_map: [0x00000233da140000,0x00000233da540000] _byte_map_base: 0x00000233d9d32000

Marking Bits (Prev, Next): (CMBitMap*) 0x00000233c31ed850, (CMBitMap*) 0x00000233c31ed890
 Prev Bits: [0x00000233da940000, 0x00000233dc8d0000)
 Next Bits: [0x00000233dc8d0000, 0x00000233de860000)

Polling page: 0x00000233c2970000

Metaspace:

Usage:
  Non-class:     15.22 MB used.
      Class:      1.91 MB used.
       Both:     17.13 MB used.

Virtual space:
  Non-class space:       16.00 MB reserved,      15.31 MB ( 96%) committed,  2 nodes.
      Class space:        1.00 GB reserved,       2.00 MB ( <1%) committed,  1 nodes.
             Both:        1.02 GB reserved,      17.31 MB (  2%) committed. 

Chunk freelists:
   Non-Class:  544.00 KB
       Class:  2.02 MB
        Both:  2.55 MB

MaxMetaspaceSize: unlimited
CompressedClassSpaceSize: 1.00 GB
Initial GC threshold: 21.00 MB
Current GC threshold: 21.00 MB
CDS: on
MetaspaceReclaimPolicy: balanced
 - commit_granule_bytes: 65536.
 - commit_granule_words: 8192.
 - virtual_space_node_default_size: 1048576.
 - enlarge_chunks_in_place: 1.
 - new_chunks_are_fully_committed: 0.
 - uncommit_free_chunks: 1.
 - use_allocation_guard: 0.
 - handle_deallocations: 1.


Internal statistics:

num_allocs_failed_limit: 0.
num_arena_births: 158.
num_arena_deaths: 0.
num_vsnodes_births: 3.
num_vsnodes_deaths: 0.
num_space_committed: 277.
num_space_uncommitted: 0.
num_chunks_returned_to_freelist: 0.
num_chunks_taken_from_freelist: 365.
num_chunk_merges: 0.
num_chunk_splits: 215.
num_chunks_enlarged: 115.
num_purges: 0.
num_inconsistent_stats: 0.

CodeHeap 'non-profiled nmethods': size=120000Kb used=789Kb max_used=789Kb free=119210Kb
 bounds [0x00000233d24e0000, 0x00000233d2750000, 0x00000233d9a10000]
CodeHeap 'profiled nmethods': size=120000Kb used=4206Kb max_used=4206Kb free=115793Kb
 bounds [0x00000233cafb0000, 0x00000233cb3d0000, 0x00000233d24e0000]
CodeHeap 'non-nmethods': size=5760Kb used=1362Kb max_used=1491Kb free=4397Kb
 bounds [0x00000233caa10000, 0x00000233cac80000, 0x00000233cafb0000]
 total_blobs=3058 nmethods=2354 adapters=616
 compilation: enabled
              stopped_count=0, restarted_count=0
 full_count=0

Compilation events (20 events):
Event: 15.569 Thread 0x00000233e12884e0 2398       1       java.awt.image.SampleModel::getNumBands (5 bytes)
Event: 15.569 Thread 0x00000233e12884e0 nmethod 2398 0x00000233d25a3710 code [0x00000233d25a38a0, 0x00000233d25a3978]
Event: 15.569 Thread 0x00000233e12884e0 2399       1       java.awt.image.ColorModel::isAlphaPremultiplied (5 bytes)
Event: 15.569 Thread 0x00000233e12884e0 nmethod 2399 0x00000233d25a3a10 code [0x00000233d25a3ba0, 0x00000233d25a3c78]
Event: 15.569 Thread 0x00000233e12884e0 2400       1       java.awt.image.ColorModel::hasAlpha (5 bytes)
Event: 15.569 Thread 0x00000233e12884e0 nmethod 2400 0x00000233d25a3d10 code [0x00000233d25a3ea0, 0x00000233d25a3f78]
Event: 15.569 Thread 0x00000233e12884e0 2401       1       java.awt.image.BufferedImage::getType (5 bytes)
Event: 15.569 Thread 0x00000233e12884e0 nmethod 2401 0x00000233d25a4010 code [0x00000233d25a41a0, 0x00000233d25a4278]
Event: 15.569 Thread 0x00000233e12884e0 2402       1       sun.awt.image.IntegerInterleavedRaster::getPixelStride (5 bytes)
Event: 15.569 Thread 0x00000233e12884e0 nmethod 2402 0x00000233d25a4310 code [0x00000233d25a44a0, 0x00000233d25a4578]
Event: 15.569 Thread 0x00000233e12884e0 2403       1       java.awt.image.BufferedImage::getColorModel (5 bytes)
Event: 15.569 Thread 0x00000233e12884e0 nmethod 2403 0x00000233d25a4610 code [0x00000233d25a47a0, 0x00000233d25a4878]
Event: 15.569 Thread 0x00000233e12884e0 2404       1       java.awt.image.BufferedImage::getRaster (5 bytes)
Event: 15.569 Thread 0x00000233e12884e0 nmethod 2404 0x00000233d25a4910 code [0x00000233d25a4aa0, 0x00000233d25a4b78]
Event: 15.569 Thread 0x00000233e12884e0 2405       1       java.awt.image.Raster::getDataBuffer (5 bytes)
Event: 15.569 Thread 0x00000233e12884e0 nmethod 2405 0x00000233d25a4c10 code [0x00000233d25a4da0, 0x00000233d25a4e78]
Event: 15.569 Thread 0x00000233e12884e0 2406       1       java.awt.AlphaComposite::getRule (5 bytes)
Event: 15.569 Thread 0x00000233e12884e0 nmethod 2406 0x00000233d25a4f10 code [0x00000233d25a50a0, 0x00000233d25a5178]
Event: 15.569 Thread 0x00000233e12884e0 2407       1       java.awt.AlphaComposite::getAlpha (5 bytes)
Event: 15.569 Thread 0x00000233e12884e0 nmethod 2407 0x00000233d25a5210 code [0x00000233d25a53a0, 0x00000233d25a5478]

GC Heap History (4 events):
Event: 2.737 GC heap before
{Heap before GC invocations=0 (full 0):
 garbage-first heap   total 131072K, used 25600K [0x0000000081c00000, 0x0000000100000000)
  region size 1024K, 23 young (23552K), 0 survivors (0K)
 Metaspace       used 8645K, committed 8832K, reserved 1056768K
  class space    used 959K, committed 1024K, reserved 1048576K
}
Event: 2.743 GC heap after
{Heap after GC invocations=1 (full 0):
 garbage-first heap   total 131072K, used 8033K [0x0000000081c00000, 0x0000000100000000)
  region size 1024K, 3 young (3072K), 3 survivors (3072K)
 Metaspace       used 8645K, committed 8832K, reserved 1056768K
  class space    used 959K, committed 1024K, reserved 1048576K
}
Event: 15.469 GC heap before
{Heap before GC invocations=1 (full 0):
 garbage-first heap   total 131072K, used 39777K [0x0000000081c00000, 0x0000000100000000)
  region size 1024K, 27 young (27648K), 3 survivors (3072K)
 Metaspace       used 17484K, committed 17664K, reserved 1064960K
  class space    used 1956K, committed 2048K, reserved 1048576K
}
Event: 15.475 GC heap after
{Heap after GC invocations=2 (full 0):
 garbage-first heap   total 131072K, used 18856K [0x0000000081c00000, 0x0000000100000000)
  region size 1024K, 3 young (3072K), 3 survivors (3072K)
 Metaspace       used 17484K, committed 17664K, reserved 1064960K
  class space    used 1956K, committed 2048K, reserved 1048576K
}

Deoptimization events (20 events):
Event: 14.930 Thread 0x00000233e1fcc9a0 Uncommon trap: trap_request=0xffffff45 fr.pc=0x00000233d2550040 relative=0x0000000000000220
Event: 14.930 Thread 0x00000233e1fcc9a0 Uncommon trap: reason=unstable_if action=reinterpret pc=0x00000233d2550040 method=java.lang.StringLatin1.trim([B)Ljava/lang/String; @ 7 c2
Event: 14.930 Thread 0x00000233e1fcc9a0 DEOPT PACKING pc=0x00000233d2550040 sp=0x000000afcb0fcbe0
Event: 14.930 Thread 0x00000233e1fcc9a0 DEOPT UNPACKING pc=0x00000233caa623a3 sp=0x000000afcb0fcbb0 mode 2
Event: 14.938 Thread 0x00000233e1fcc9a0 DEOPT PACKING pc=0x00000233cb120dd6 sp=0x000000afcb0fc6d0
Event: 14.938 Thread 0x00000233e1fcc9a0 DEOPT UNPACKING pc=0x00000233caa62b43 sp=0x000000afcb0fbb70 mode 0
Event: 14.982 Thread 0x00000233e1fcc9a0 DEOPT PACKING pc=0x00000233cb120dd6 sp=0x000000afcb0fc6d0
Event: 14.982 Thread 0x00000233e1fcc9a0 DEOPT UNPACKING pc=0x00000233caa62b43 sp=0x000000afcb0fbb70 mode 0
Event: 15.054 Thread 0x00000233e1fcc9a0 DEOPT PACKING pc=0x00000233cb364c93 sp=0x000000afcb0fd0b0
Event: 15.054 Thread 0x00000233e1fcc9a0 DEOPT UNPACKING pc=0x00000233caa62b43 sp=0x000000afcb0fc568 mode 0
Event: 15.061 Thread 0x00000233e1fcc9a0 Uncommon trap: trap_request=0xffffff45 fr.pc=0x00000233d2535fc0 relative=0x00000000000002a0
Event: 15.061 Thread 0x00000233e1fcc9a0 Uncommon trap: reason=unstable_if action=reinterpret pc=0x00000233d2535fc0 method=java.nio.Buffer.<init>(IIIILjdk/internal/access/foreign/MemorySegmentProxy;)V @ 50 c2
Event: 15.061 Thread 0x00000233e1fcc9a0 DEOPT PACKING pc=0x00000233d2535fc0 sp=0x000000afcb0fd5c0
Event: 15.061 Thread 0x00000233e1fcc9a0 DEOPT UNPACKING pc=0x00000233caa623a3 sp=0x000000afcb0fd508 mode 2
Event: 15.090 Thread 0x00000233e1fcc9a0 DEOPT PACKING pc=0x00000233cb38601a sp=0x000000afcb0fd070
Event: 15.090 Thread 0x00000233e1fcc9a0 DEOPT UNPACKING pc=0x00000233caa62b43 sp=0x000000afcb0fc4c8 mode 0
Event: 15.090 Thread 0x00000233e1fcc9a0 DEOPT PACKING pc=0x00000233cb38601a sp=0x000000afcb0fd070
Event: 15.090 Thread 0x00000233e1fcc9a0 DEOPT UNPACKING pc=0x00000233caa62b43 sp=0x000000afcb0fc4c8 mode 0
Event: 15.112 Thread 0x00000233e1fcc9a0 DEOPT PACKING pc=0x00000233cb384ddb sp=0x000000afcb0fd3a0
Event: 15.112 Thread 0x00000233e1fcc9a0 DEOPT UNPACKING pc=0x00000233caa62b43 sp=0x000000afcb0fc7e0 mode 0

Classes unloaded (0 events):
No events

Classes redefined (0 events):
No events

Internal exceptions (20 events):
Event: 0.182 Thread 0x00000233c3191760 Exception <a 'java/lang/NoSuchMethodError'{0x00000000898c2f90}: 'java.lang.Object java.lang.invoke.DirectMethodHandle$Holder.newInvokeSpecial(java.lang.Object, java.lang.Object, java.lang.Object, java.lang.Object, java.lang.Object)'> (0x00000000898c2f90) 
thrown [t:\workspace\open\src\hotspot\share\interpreter\linkResolver.cpp, line 766]
Event: 0.184 Thread 0x00000233c3191760 Exception <a 'java/lang/NoSuchMethodError'{0x00000000898ce958}: 'java.lang.Object java.lang.invoke.DirectMethodHandle$Holder.invokeStatic(java.lang.Object, int, java.lang.Object, java.lang.Object, java.lang.Object, java.lang.Object)'> (0x00000000898ce958) 
thrown [t:\workspace\open\src\hotspot\share\interpreter\linkResolver.cpp, line 766]
Event: 0.187 Thread 0x00000233c3191760 Exception <a 'java/lang/NoSuchMethodError'{0x00000000898f4378}: 'java.lang.Object java.lang.invoke.DirectMethodHandle$Holder.invokeStatic(java.lang.Object, int, java.lang.Object)'> (0x00000000898f4378) 
thrown [t:\workspace\open\src\hotspot\share\interpreter\linkResolver.cpp, line 766]
Event: 0.212 Thread 0x00000233c3191760 Exception <a 'java/lang/ClassNotFoundException'{0x00000000897ac2e0}: com/sun/swing/internal/plaf/metal/resources/spi/metalProvider> (0x00000000897ac2e0) 
thrown [t:\workspace\open\src\hotspot\share\classfile\systemDictionary.cpp, line 256]
Event: 0.213 Thread 0x00000233c3191760 Exception <a 'java/lang/ClassNotFoundException'{0x00000000897b00e8}: com/sun/swing/internal/plaf/basic/resources/spi/basicProvider> (0x00000000897b00e8) 
thrown [t:\workspace\open\src\hotspot\share\classfile\systemDictionary.cpp, line 256]
Event: 0.258 Thread 0x00000233e1f7b490 Exception <a 'java/lang/NoSuchMethodError'{0x0000000089562390}: 'java.lang.Object java.lang.invoke.DirectMethodHandle$Holder.newInvokeSpecial(java.lang.Object, java.lang.Object, java.lang.Object, int, int, int, int, int)'> (0x0000000089562390) 
thrown [t:\workspace\open\src\hotspot\share\interpreter\linkResolver.cpp, line 766]
Event: 0.306 Thread 0x00000233e1f09590 Exception <a 'java/lang/NoSuchMethodError'{0x00000000898100f0}: 'void java.lang.invoke.DirectMethodHandle$Holder.invokeVirtual(java.lang.Object, java.lang.Object)'> (0x00000000898100f0) 
thrown [t:\workspace\open\src\hotspot\share\interpreter\linkResolver.cpp, line 766]
Event: 0.322 Thread 0x00000233c3191760 Exception <a 'java/lang/NoSuchMethodError'{0x0000000089326370}: 'void java.lang.invoke.DirectMethodHandle$Holder.invokeStaticInit(java.lang.Object)'> (0x0000000089326370) 
thrown [t:\workspace\open\src\hotspot\share\interpreter\linkResolver.cpp, line 766]
Event: 2.760 Thread 0x00000233e1fcc9a0 Exception <a 'java/lang/NoSuchMethodError'{0x0000000089800950}: 'void java.lang.invoke.DirectMethodHandle$Holder.invokeSpecial(java.lang.Object, java.lang.Object, java.lang.Object, java.lang.Object, java.lang.Object)'> (0x0000000089800950) 
thrown [t:\workspace\open\src\hotspot\share\interpreter\linkResolver.cpp, line 766]
Event: 14.697 Thread 0x00000233e1fcc9a0 Exception <a 'java/lang/NoSuchMethodError'{0x00000000896363c8}: 'java.lang.Object java.lang.invoke.DirectMethodHandle$Holder.invokeInterface(java.lang.Object, java.lang.Object)'> (0x00000000896363c8) 
thrown [t:\workspace\open\src\hotspot\share\interpreter\linkResolver.cpp, line 766]
Event: 14.715 Thread 0x00000233e1fcc9a0 Exception <a 'java/lang/NoSuchMethodError'{0x00000000896b5700}: 'void java.lang.invoke.DirectMethodHandle$Holder.invokeStatic(java.lang.Object, java.lang.Object, java.lang.Object)'> (0x00000000896b5700) 
thrown [t:\workspace\open\src\hotspot\share\interpreter\linkResolver.cpp, line 766]
Event: 14.717 Thread 0x00000233e1fcc9a0 Exception <a 'java/lang/NoSuchMethodError'{0x00000000896bf878}: 'java.lang.Object java.lang.invoke.DirectMethodHandle$Holder.invokeVirtual(java.lang.Object, java.lang.Object, java.lang.Object)'> (0x00000000896bf878) 
thrown [t:\workspace\open\src\hotspot\share\interpreter\linkResolver.cpp, line 766]
Event: 14.797 Thread 0x00000233e1fcc9a0 Exception <a 'java/lang/NoSuchMethodError'{0x00000000893c1ee8}: 'void java.lang.invoke.DirectMethodHandle$Holder.invokeStatic(java.lang.Object, java.lang.Object)'> (0x00000000893c1ee8) 
thrown [t:\workspace\open\src\hotspot\share\interpreter\linkResolver.cpp, line 766]
Event: 14.849 Thread 0x00000233e1fcc9a0 Exception <a 'java/lang/NoSuchMethodError'{0x0000000089154d20}: 'void java.lang.invoke.DirectMethodHandle$Holder.invokeStaticInit(java.lang.Object, java.lang.Object)'> (0x0000000089154d20) 
thrown [t:\workspace\open\src\hotspot\share\interpreter\linkResolver.cpp, line 766]
Event: 14.890 Thread 0x00000233e1fcc9a0 Exception <a 'sun/nio/fs/WindowsException'{0x0000000088f08570}> (0x0000000088f08570) 
thrown [t:\workspace\open\src\hotspot\share\prims\jni.cpp, line 516]
Event: 14.899 Thread 0x00000233e1fcc9a0 Exception <a 'java/lang/NoSuchMethodError'{0x0000000088f2e6c8}: 'int java.lang.invoke.DirectMethodHandle$Holder.invokeStaticInit(java.lang.Object, java.lang.Object, java.lang.Object, java.lang.Object)'> (0x0000000088f2e6c8) 
thrown [t:\workspace\open\src\hotspot\share\interpreter\linkResolver.cpp, line 766]
Event: 14.899 Thread 0x00000233e1fcc9a0 Exception <a 'java/lang/IncompatibleClassChangeError'{0x0000000088f37b58}: Found class java.lang.Object, but interface was expected> (0x0000000088f37b58) 
thrown [t:\workspace\open\src\hotspot\share\interpreter\linkResolver.cpp, line 833]
Event: 14.900 Thread 0x00000233e1fcc9a0 Exception <a 'java/lang/NoSuchMethodError'{0x0000000088f3d408}: 'int java.lang.invoke.DirectMethodHandle$Holder.invokeStaticInit(java.lang.Object, java.lang.Object)'> (0x0000000088f3d408) 
thrown [t:\workspace\open\src\hotspot\share\interpreter\linkResolver.cpp, line 766]
Event: 14.931 Thread 0x00000233e1fcc9a0 Exception <a 'java/lang/NoSuchMethodError'{0x0000000088e8df88}: 'java.lang.Object java.lang.invoke.DirectMethodHandle$Holder.invokeStaticInit(java.lang.Object, int, int, int, int)'> (0x0000000088e8df88) 
thrown [t:\workspace\open\src\hotspot\share\interpreter\linkResolver.cpp, line 766]
Event: 14.983 Thread 0x00000233e1fcc9a0 Exception <a 'java/lang/NoSuchMethodError'{0x0000000088ee6a38}: 'java.lang.Object java.lang.invoke.DirectMethodHandle$Holder.invokeStaticInit(java.lang.Object, java.lang.Object, int, int, int, int)'> (0x0000000088ee6a38) 
thrown [t:\workspace\open\src\hotspot\share\interpreter\linkResolver.cpp, line 766]

VM Operations (20 events):
Event: 12.858 Executing VM operation: Cleanup
Event: 12.858 Executing VM operation: Cleanup done
Event: 13.872 Executing VM operation: Cleanup
Event: 13.872 Executing VM operation: Cleanup done
Event: 14.681 Executing VM operation: HandshakeAllThreads
Event: 14.681 Executing VM operation: HandshakeAllThreads done
Event: 14.786 Executing VM operation: HandshakeAllThreads
Event: 14.786 Executing VM operation: HandshakeAllThreads done
Event: 14.795 Executing VM operation: HandshakeAllThreads
Event: 14.795 Executing VM operation: HandshakeAllThreads done
Event: 14.828 Executing VM operation: HandshakeAllThreads
Event: 14.828 Executing VM operation: HandshakeAllThreads done
Event: 14.895 Executing VM operation: HandshakeAllThreads
Event: 14.895 Executing VM operation: HandshakeAllThreads done
Event: 14.895 Executing VM operation: Cleanup
Event: 14.895 Executing VM operation: Cleanup done
Event: 15.079 Executing VM operation: HandshakeAllThreads
Event: 15.079 Executing VM operation: HandshakeAllThreads done
Event: 15.469 Executing VM operation: G1CollectForAllocation
Event: 15.475 Executing VM operation: G1CollectForAllocation done

Events (20 events):
Event: 15.104 loading class sun/invoke/util/VerifyAccess$1 done
Event: 15.107 loading class sun/security/ssl/PostHandshakeContext
Event: 15.107 loading class sun/security/ssl/PostHandshakeContext done
Event: 15.108 loading class sun/security/ssl/NewSessionTicket$T13NewSessionTicketMessage
Event: 15.108 loading class sun/security/ssl/NewSessionTicket$NewSessionTicketMessage
Event: 15.108 loading class sun/security/ssl/NewSessionTicket$NewSessionTicketMessage done
Event: 15.108 loading class sun/security/ssl/NewSessionTicket$T13NewSessionTicketMessage done
Event: 15.128 loading class java/util/TimerTask
Event: 15.128 loading class java/util/TimerTask done
Event: 15.130 loading class java/util/NoSuchElementException
Event: 15.130 loading class java/util/NoSuchElementException done
Event: 15.144 loading class java/time/format/DateTimeParseException
Event: 15.144 loading class java/time/DateTimeException
Event: 15.144 loading class java/time/DateTimeException done
Event: 15.144 loading class java/time/format/DateTimeParseException done
Event: 15.146 loading class java/awt/KeyboardFocusManager$2
Event: 15.146 loading class java/awt/KeyboardFocusManager$2 done
Event: 15.146 loading class sun/awt/SunToolkit$1
Event: 15.146 loading class sun/awt/SunToolkit$1 done
Event: 15.434 Thread 0x00000233e2b9b510 Thread added: 0x00000233e2b9b510


Dynamic libraries:
0x00007ff713ab0000 - 0x00007ff713ac0000 	C:\Program Files\Java\jdk-17.0.3.1\bin\java.exe
0x00007ffb1d810000 - 0x00007ffb1da08000 	C:\WINDOWS\SYSTEM32\ntdll.dll
0x00007ffb1d570000 - 0x00007ffb1d62d000 	C:\WINDOWS\System32\KERNEL32.DLL
0x00007ffb1b3e0000 - 0x00007ffb1b6d6000 	C:\WINDOWS\System32\KERNELBASE.dll
0x00007ffb1aec0000 - 0x00007ffb1afc0000 	C:\WINDOWS\System32\ucrtbase.dll
0x00007ffb18270000 - 0x00007ffb1828a000 	C:\Program Files\Java\jdk-17.0.3.1\bin\VCRUNTIME140.dll
0x00007ffb125e0000 - 0x00007ffb125f8000 	C:\Program Files\Java\jdk-17.0.3.1\bin\jli.dll
0x00007ffb1d720000 - 0x00007ffb1d7d0000 	C:\WINDOWS\System32\ADVAPI32.dll
0x00007ffb1cc00000 - 0x00007ffb1cc9e000 	C:\WINDOWS\System32\msvcrt.dll
0x00007ffb1cca0000 - 0x00007ffb1cd40000 	C:\WINDOWS\System32\sechost.dll
0x00007ffb1c5c0000 - 0x00007ffb1c6e3000 	C:\WINDOWS\System32\RPCRT4.dll
0x00007ffb1b3b0000 - 0x00007ffb1b3d7000 	C:\WINDOWS\System32\bcrypt.dll
0x00007ffb1b9b0000 - 0x00007ffb1bb4f000 	C:\WINDOWS\System32\USER32.dll
0x00007ffb1afc0000 - 0x00007ffb1afe2000 	C:\WINDOWS\System32\win32u.dll
0x00007ffb00410000 - 0x00007ffb006aa000 	C:\WINDOWS\WinSxS\amd64_microsoft.windows.common-controls_6595b64144ccf1df_6.0.19041.4355_none_60b8b9eb71f62e16\COMCTL32.dll
0x00007ffb1d6e0000 - 0x00007ffb1d70b000 	C:\WINDOWS\System32\GDI32.dll
0x00007ffb1b290000 - 0x00007ffb1b3a7000 	C:\WINDOWS\System32\gdi32full.dll
0x00007ffb1b730000 - 0x00007ffb1b7cd000 	C:\WINDOWS\System32\msvcp_win.dll
0x00007ffb144f0000 - 0x00007ffb144fa000 	C:\WINDOWS\SYSTEM32\VERSION.dll
0x00007ffb1b910000 - 0x00007ffb1b942000 	C:\WINDOWS\System32\IMM32.DLL
0x00007ffb18240000 - 0x00007ffb1824c000 	C:\Program Files\Java\jdk-17.0.3.1\bin\vcruntime140_1.dll
0x00007ffae7470000 - 0x00007ffae74fd000 	C:\Program Files\Java\jdk-17.0.3.1\bin\msvcp140.dll
0x00007ffab56e0000 - 0x00007ffab62a0000 	C:\Program Files\Java\jdk-17.0.3.1\bin\server\jvm.dll
0x00007ffb1d710000 - 0x00007ffb1d718000 	C:\WINDOWS\System32\PSAPI.DLL
0x00007ffb071a0000 - 0x00007ffb071c7000 	C:\WINDOWS\SYSTEM32\WINMM.dll
0x00007ffb182a0000 - 0x00007ffb182a9000 	C:\WINDOWS\SYSTEM32\WSOCK32.dll
0x00007ffb1c940000 - 0x00007ffb1c9ab000 	C:\WINDOWS\System32\WS2_32.dll
0x00007ffb19720000 - 0x00007ffb19732000 	C:\WINDOWS\SYSTEM32\kernel.appcore.dll
0x00007ffb14a90000 - 0x00007ffb14a9a000 	C:\Program Files\Java\jdk-17.0.3.1\bin\jimage.dll
0x00007ffb19320000 - 0x00007ffb19504000 	C:\WINDOWS\SYSTEM32\DBGHELP.DLL
0x00007ffb011c0000 - 0x00007ffb011f4000 	C:\WINDOWS\SYSTEM32\dbgcore.DLL
0x00007ffb1b0a0000 - 0x00007ffb1b122000 	C:\WINDOWS\System32\bcryptPrimitives.dll
0x00007ffaf7760000 - 0x00007ffaf7785000 	C:\Program Files\Java\jdk-17.0.3.1\bin\java.dll
0x00007ffaea160000 - 0x00007ffaea236000 	C:\Program Files\Java\jdk-17.0.3.1\bin\jsvml.dll
0x00007ffb1cda0000 - 0x00007ffb1d50b000 	C:\WINDOWS\System32\SHELL32.dll
0x00007ffb18b80000 - 0x00007ffb1931d000 	C:\WINDOWS\SYSTEM32\windows.storage.dll
0x00007ffb1c0c0000 - 0x00007ffb1c413000 	C:\WINDOWS\System32\combase.dll
0x00007ffb1a8e0000 - 0x00007ffb1a90e000 	C:\WINDOWS\SYSTEM32\Wldp.dll
0x00007ffb1b840000 - 0x00007ffb1b90d000 	C:\WINDOWS\System32\OLEAUT32.dll
0x00007ffb1c890000 - 0x00007ffb1c93d000 	C:\WINDOWS\System32\SHCORE.dll
0x00007ffb1c830000 - 0x00007ffb1c885000 	C:\WINDOWS\System32\shlwapi.dll
0x00007ffb1adf0000 - 0x00007ffb1ae14000 	C:\WINDOWS\SYSTEM32\profapi.dll
0x00007ffafd1d0000 - 0x00007ffafd1e9000 	C:\Program Files\Java\jdk-17.0.3.1\bin\net.dll
0x00007ffb122b0000 - 0x00007ffb123ba000 	C:\WINDOWS\SYSTEM32\WINHTTP.dll
0x00007ffb1a640000 - 0x00007ffb1a6aa000 	C:\WINDOWS\system32\mswsock.dll
0x00007ffaeaf20000 - 0x00007ffaeaf36000 	C:\Program Files\Java\jdk-17.0.3.1\bin\nio.dll
0x00007ffaeaf00000 - 0x00007ffaeaf18000 	C:\Program Files\Java\jdk-17.0.3.1\bin\zip.dll
0x00007ffae7620000 - 0x00007ffae77af000 	C:\Program Files\Java\jdk-17.0.3.1\bin\awt.dll
0x00007ffb18150000 - 0x00007ffb181e0000 	C:\WINDOWS\SYSTEM32\apphelp.dll
0x00007ffb184f0000 - 0x00007ffb1851f000 	C:\WINDOWS\system32\DWMAPI.DLL
0x00007ffb183d0000 - 0x00007ffb1846e000 	C:\WINDOWS\system32\uxtheme.dll
0x00007ffafb2d0000 - 0x00007ffafb3f5000 	C:\WINDOWS\system32\opengl32.dll
0x00007ffb064f0000 - 0x00007ffb0651c000 	C:\WINDOWS\SYSTEM32\GLU32.dll
0x00007ffb1c420000 - 0x00007ffb1c534000 	C:\WINDOWS\System32\MSCTF.dll
0x00007ffb1c700000 - 0x00007ffb1c82b000 	C:\WINDOWS\System32\ole32.dll
0x00007ffb0f700000 - 0x00007ffb0f72d000 	C:\Program Files\Java\jdk-17.0.3.1\bin\javajpeg.dll
0x00007ffae73e0000 - 0x00007ffae7469000 	C:\Program Files\Java\jdk-17.0.3.1\bin\freetype.dll
0x00007ffae7330000 - 0x00007ffae73d8000 	C:\Program Files\Java\jdk-17.0.3.1\bin\fontmanager.dll
0x00007ffb1d630000 - 0x00007ffb1d6d9000 	C:\WINDOWS\System32\clbcatq.dll
0x00007ffb11130000 - 0x00007ffb112e4000 	C:\WINDOWS\SYSTEM32\WindowsCodecs.dll
0x00007ffafec80000 - 0x00007ffafecbe000 	C:\WINDOWS\system32\dataexchange.dll
0x00007ffb16330000 - 0x00007ffb16593000 	C:\WINDOWS\system32\d3d11.dll
0x00007ffb17500000 - 0x00007ffb176e5000 	C:\WINDOWS\system32\dcomp.dll
0x00007ffb19740000 - 0x00007ffb19832000 	C:\WINDOWS\system32\dxgi.dll
0x00007ffb11e70000 - 0x00007ffb12073000 	C:\WINDOWS\system32\twinapi.appcore.dll
0x00007ffb0e2a0000 - 0x00007ffb0e399000 	C:\WINDOWS\SYSTEM32\textinputframework.dll
0x00007ffb17a70000 - 0x00007ffb17dcb000 	C:\WINDOWS\System32\CoreUIComponents.dll
0x00007ffb17dd0000 - 0x00007ffb17ec2000 	C:\WINDOWS\System32\CoreMessaging.dll
0x00007ffb17200000 - 0x00007ffb17357000 	C:\WINDOWS\SYSTEM32\wintypes.dll
0x00007ffb1a010000 - 0x00007ffb1a043000 	C:\WINDOWS\SYSTEM32\ntmarta.dll
0x00007ffb1a310000 - 0x00007ffb1a3db000 	C:\WINDOWS\SYSTEM32\DNSAPI.dll
0x00007ffb1a2d0000 - 0x00007ffb1a30b000 	C:\WINDOWS\SYSTEM32\IPHLPAPI.DLL
0x00007ffb1cbf0000 - 0x00007ffb1cbf8000 	C:\WINDOWS\System32\NSI.dll
0x00007ffb12970000 - 0x00007ffb1297a000 	C:\Windows\System32\rasadhlp.dll
0x00007ffb06980000 - 0x00007ffb06a00000 	C:\WINDOWS\System32\fwpuclnt.dll
0x00007ffb173f0000 - 0x00007ffb173fe000 	C:\Program Files\Java\jdk-17.0.3.1\bin\sunmscapi.dll
0x00007ffb1b130000 - 0x00007ffb1b28e000 	C:\WINDOWS\System32\CRYPT32.dll
0x00007ffb1a950000 - 0x00007ffb1a979000 	C:\WINDOWS\SYSTEM32\ncrypt.dll
0x00007ffb1a910000 - 0x00007ffb1a94b000 	C:\WINDOWS\SYSTEM32\NTASN1.dll
0x00007ffb1a840000 - 0x00007ffb1a858000 	C:\WINDOWS\SYSTEM32\CRYPTSP.dll
0x00007ffb19ef0000 - 0x00007ffb19f24000 	C:\WINDOWS\system32\rsaenh.dll
0x00007ffb1ada0000 - 0x00007ffb1adce000 	C:\WINDOWS\SYSTEM32\USERENV.dll
0x00007ffb1a830000 - 0x00007ffb1a83c000 	C:\WINDOWS\SYSTEM32\CRYPTBASE.dll
0x00007ffb130b0000 - 0x00007ffb130c7000 	C:\WINDOWS\SYSTEM32\dhcpcsvc6.DLL
0x00007ffb13720000 - 0x00007ffb1373d000 	C:\WINDOWS\SYSTEM32\dhcpcsvc.DLL

dbghelp: loaded successfully - version: 4.0.5 - missing functions: none
symbol engine: initialized successfully - sym options: 0x614 - pdb path: .;C:\Program Files\Java\jdk-17.0.3.1\bin;C:\WINDOWS\SYSTEM32;C:\WINDOWS\WinSxS\amd64_microsoft.windows.common-controls_6595b64144ccf1df_6.0.19041.4355_none_60b8b9eb71f62e16;C:\Program Files\Java\jdk-17.0.3.1\bin\server

VM Arguments:
jvm_args: -Dfile.encoding=UTF-8 --module-path=D:\Users\ASUS\OneDrive\Documents\NetBeansProjects\Bank Management System\build\classes 
java_command: bank.management.system.Login
java_class_path (initial): C:\Users\ASUS\Downloads\jcalendar-tz-1.3.3-4.jar;C:\Users\ASUS\Downloads\mysql-connector-java-8.0.28.jar;D:\Users\ASUS\OneDrive\Documents\NetBeansProjects\Bank Management System\build\classes
Launcher Type: SUN_STANDARD

[Global flags]
     intx CICompilerCount                          = 4                                         {product} {ergonomic}
     uint ConcGCThreads                            = 2                                         {product} {ergonomic}
     uint G1ConcRefinementThreads                  = 8                                         {product} {ergonomic}
   size_t G1HeapRegionSize                         = 1048576                                   {product} {ergonomic}
    uintx GCDrainStackTargetSize                   = 64                                        {product} {ergonomic}
   size_t InitialHeapSize                          = 134217728                                 {product} {ergonomic}
   size_t MarkStackSize                            = 4194304                                   {product} {ergonomic}
   size_t MaxHeapSize                              = 2118123520                                {product} {ergonomic}
   size_t MaxNewSize                               = 1270874112                                {product} {ergonomic}
   size_t MinHeapDeltaBytes                        = 1048576                                   {product} {ergonomic}
   size_t MinHeapSize                              = 8388608                                   {product} {ergonomic}
    uintx NonNMethodCodeHeapSize                   = 5839372                                {pd product} {ergonomic}
    uintx NonProfiledCodeHeapSize                  = 122909434                              {pd product} {ergonomic}
    uintx ProfiledCodeHeapSize                     = 122909434                              {pd product} {ergonomic}
    uintx ReservedCodeCacheSize                    = 251658240                              {pd product} {ergonomic}
     bool SegmentedCodeCache                       = true                                      {product} {ergonomic}
   size_t SoftMaxHeapSize                          = 2118123520                             {manageable} {ergonomic}
     bool UseCompressedClassPointers               = true                           {product lp64_product} {ergonomic}
     bool UseCompressedOops                        = true                           {product lp64_product} {ergonomic}
     bool UseG1GC                                  = true                                      {product} {ergonomic}
     bool UseLargePagesIndividualAllocation        = false                                  {pd product} {ergonomic}

Logging:
Log output configuration:
 #0: stdout all=warning uptime,level,tags
 #1: stderr all=off uptime,level,tags

Environment Variables:
PATH=C:\Program Files\Common Files\Oracle\Java\javapath;C:\WINDOWS\system32;C:\WINDOWS;C:\WINDOWS\System32\Wbem;C:\WINDOWS\System32\WindowsPowerShell\v1.0\;C:\WINDOWS\System32\OpenSSH\;C:\Program Files\Intel\WiFi\bin\;C:\Program Files\Common Files\Intel\WirelessCommon\;C:\Program Files (x86)\MySQL\MySQL Installer for Windows;C:\Program Files\nodejs\;C:\Program Files\Git\cmd;C:\Program Files\MySQL\MySQL Shell 8.0\bin\;C:\Users\ASUS\AppData\Local\Programs\Python\Python39\Scripts\;C:\Users\ASUS\AppData\Local\Programs\Python\Python39\;C:\Users\ASUS\AppData\Local\Programs\Python\Python38-32\Scripts\;C:\Users\ASUS\AppData\Local\Programs\Python\Python38-32\;C:\Users\ASUS\AppData\Local\Microsoft\WindowsApps;C:\Users\ASUS\AppData\Local\Programs\Microsoft VS Code\bin;C:\Users\ASUS\AppData\Roaming\npm
USERNAME=ASUS
OS=Windows_NT
PROCESSOR_IDENTIFIER=Intel64 Family 6 Model 142 Stepping 10, GenuineIntel



---------------  S Y S T E M  ---------------

OS:
 Windows 10 , 64 bit Build 19041 (10.0.19041.3636)
OS uptime: 1 days 5:29 hours

CPU: total 8 (initial active 8) (4 cores per cpu, 2 threads per core) family 6 model 142 stepping 10 microcode 0xb4, cx8, cmov, fxsr, ht, mmx, 3dnowpref, sse, sse2, sse3, ssse3, sse4.1, sse4.2, popcnt, lzcnt, tsc, tscinvbit, avx, avx2, aes, erms, clmul, bmi1, bmi2, adx, fma, vzeroupper, clflush, clflushopt

Memory: 4k page, system-wide physical 8073M (191M free)
TotalPageFile size 22306M (AvailPageFile size 5M)
current process WorkingSet (physical memory assigned to process): 171M, peak: 171M
current process commit charge ("private bytes"): 293M, peak: 296M

vm_info: Java HotSpot(TM) 64-Bit Server VM (17.0.3.1+2-LTS-6) for windows-amd64 JRE (17.0.3.1+2-LTS-6), built on Apr 25 2022 22:04:21 by "mach5one" with MS VC++ 16.8 / 16.9 (VS2019)

END.
