#
# There is insufficient memory for the Java Runtime Environment to continue.
# Native memory allocation (mmap) failed to map 134217728 bytes for G1 virtual space
# Possible reasons:
#   The system is out of physical RAM or swap space
#   The process is running with CompressedOops enabled, and the Java Heap may be blocking the growth of the native heap
# Possible solutions:
#   Reduce memory load on the system
#   Increase physical memory or swap space
#   Check if swap backing store is full
#   Decrease Java heap size (-Xmx/-Xms)
#   Decrease number of Java threads
#   Decrease Java thread stack sizes (-Xss)
#   Set larger code cache with -XX:ReservedCodeCacheSize=
#   JVM is running with Unscaled Compressed Oops mode in which the Java heap is
#     placed in the first 4GB address space. The Java Heap base address is the
#     maximum limit for the native heap growth. Please use -XX:HeapBaseMinAddress
#     to set the Java Heap base and to place the Java Heap above 4GB virtual address.
# This output file may be truncated or incomplete.
#
#  Out of Memory Error (os_windows.cpp:3535), pid=28240, tid=28956
#
# JRE version:  (17.0.3.1+2) (build )
# Java VM: Java HotSpot(TM) 64-Bit Server VM (17.0.3.1+2-LTS-6, mixed mode, sharing, tiered, compressed oops, compressed class ptrs, g1 gc, windows-amd64)
# No core dump will be written. Minidumps are not enabled by default on client versions of Windows
#

---------------  S U M M A R Y ------------

Command Line: -Dfile.encoding=UTF-8 --module-path=D:\Users\ASUS\OneDrive\Documents\NetBeansProjects\Bank Management System\build\classes bank.management.system.SignupOne

Host: Intel(R) Core(TM) i5-8250U CPU @ 1.60GHz, 8 cores, 7G,  Windows 10 , 64 bit Build 19041 (10.0.19041.3636)
Time: Fri Jun 21 16:54:37 2024 India Standard Time elapsed time: 0.062447 seconds (0d 0h 0m 0s)

---------------  T H R E A D  ---------------

Current thread (0x000001bebcb940d0):  JavaThread "Unknown thread" [_thread_in_vm, id=28956, stack(0x00000029a2a00000,0x00000029a2b00000)]

Stack: [0x00000029a2a00000,0x00000029a2b00000]
Native frames: (J=compiled Java code, j=interpreted, Vv=VM code, C=native code)
V  [jvm.dll+0x6711ba]
V  [jvm.dll+0x7d0834]
V  [jvm.dll+0x7d1fde]
V  [jvm.dll+0x7d2643]
V  [jvm.dll+0x242c85]
V  [jvm.dll+0x66e0d9]
V  [jvm.dll+0x662a22]
V  [jvm.dll+0x300ddb]
V  [jvm.dll+0x308376]
V  [jvm.dll+0x357f7e]
V  [jvm.dll+0x3581af]
V  [jvm.dll+0x2d7ff8]
V  [jvm.dll+0x2d8f64]
V  [jvm.dll+0x7a2411]
V  [jvm.dll+0x365d01]
V  [jvm.dll+0x78187c]
V  [jvm.dll+0x3e873f]
V  [jvm.dll+0x3ea1e1]
C  [jli.dll+0x527b]
C  [ucrtbase.dll+0x21bb2]
C  [KERNEL32.DLL+0x17344]
C  [ntdll.dll+0x526b1]


---------------  P R O C E S S  ---------------

Threads class SMR info:
_java_thread_list=0x00007fff989f9858, length=0, elements={
}

Java Threads: ( => current thread )

Other Threads:
  0x000001bebcbefdb0 GCTaskThread "GC Thread#0" [stack: 0x00000029a2b00000,0x00000029a2c00000] [id=7484]
  0x000001bebcc00970 ConcurrentGCThread "G1 Main Marker" [stack: 0x00000029a2c00000,0x00000029a2d00000] [id=14732]
  0x000001bebcc01380 ConcurrentGCThread "G1 Conc#0" [stack: 0x00000029a2d00000,0x00000029a2e00000] [id=32596]

[error occurred during error reporting (printing all threads), id 0xc0000005, EXCEPTION_ACCESS_VIOLATION (0xc0000005) at pc=0x00007fff982489e7]

VM state: not at safepoint (not fully initialized)

VM Mutex/Monitor currently owned by a thread:  ([mutex/lock_event])
[0x000001bebcb90920] Heap_lock - owner thread: 0x000001bebcb940d0

Heap address: 0x0000000081c00000, size: 2020 MB, Compressed Oops mode: 32-bit

CDS archive(s) mapped at: [0x0000000000000000-0x0000000000000000-0x0000000000000000), size 0, SharedBaseAddress: 0x0000000800000000, ArchiveRelocationMode: 0.
Narrow klass base: 0x0000000000000000, Narrow klass shift: 0, Narrow klass range: 0x0

GC Precious Log:
<Empty>

Heap:
 garbage-first heap   total 0K, used 0K [0x0000000081c00000, 0x0000000100000000)
  region size 1024K, 0 young (0K), 0 survivors (0K)

[error occurred during error reporting (printing heap information), id 0xc0000005, EXCEPTION_ACCESS_VIOLATION (0xc0000005) at pc=0x00007fff9862a629]

GC Heap History (0 events):
No events

Deoptimization events (0 events):
No events

Classes unloaded (0 events):
No events

Classes redefined (0 events):
No events

Internal exceptions (0 events):
No events

VM Operations (0 events):
No events

Events (1 events):
Event: 0.020 Loaded shared library C:\Program Files\Java\jdk-17.0.3.1\bin\java.dll


Dynamic libraries:
0x00007ff6e1040000 - 0x00007ff6e1050000 	C:\Program Files\Java\jdk-17.0.3.1\bin\java.exe
0x00007ff8021f0000 - 0x00007ff8023e8000 	C:\WINDOWS\SYSTEM32\ntdll.dll
0x00007ff800f80000 - 0x00007ff80103d000 	C:\WINDOWS\System32\KERNEL32.DLL
0x00007fffffbf0000 - 0x00007fffffee6000 	C:\WINDOWS\System32\KERNELBASE.dll
0x00007ffffc2c0000 - 0x00007ffffc350000 	C:\WINDOWS\SYSTEM32\apphelp.dll
0x00007fffffef0000 - 0x00007fffffff0000 	C:\WINDOWS\System32\ucrtbase.dll
0x00007ffff7870000 - 0x00007ffff788a000 	C:\Program Files\Java\jdk-17.0.3.1\bin\VCRUNTIME140.dll
0x00007fffdd280000 - 0x00007fffdd298000 	C:\Program Files\Java\jdk-17.0.3.1\bin\jli.dll
0x00007ff801040000 - 0x00007ff8010f0000 	C:\WINDOWS\System32\ADVAPI32.dll
0x00007ff8013c0000 - 0x00007ff80145e000 	C:\WINDOWS\System32\msvcrt.dll
0x00007ff8002c0000 - 0x00007ff800360000 	C:\WINDOWS\System32\sechost.dll
0x00007ff801cf0000 - 0x00007ff801e13000 	C:\WINDOWS\System32\RPCRT4.dll
0x00007ff800110000 - 0x00007ff800137000 	C:\WINDOWS\System32\bcrypt.dll
0x00007ff801f20000 - 0x00007ff8020bf000 	C:\WINDOWS\System32\USER32.dll
0x00007ff8001f0000 - 0x00007ff800212000 	C:\WINDOWS\System32\win32u.dll
0x00007fffeb300000 - 0x00007fffeb59a000 	C:\WINDOWS\WinSxS\amd64_microsoft.windows.common-controls_6595b64144ccf1df_6.0.19041.4355_none_60b8b9eb71f62e16\COMCTL32.dll
0x00007ff800220000 - 0x00007ff80024b000 	C:\WINDOWS\System32\GDI32.dll
0x00007fffffad0000 - 0x00007fffffbe7000 	C:\WINDOWS\System32\gdi32full.dll
0x00007ff800070000 - 0x00007ff80010d000 	C:\WINDOWS\System32\msvcp_win.dll
0x00007ffff92c0000 - 0x00007ffff92ca000 	C:\WINDOWS\SYSTEM32\VERSION.dll
0x00007ff801ca0000 - 0x00007ff801cd2000 	C:\WINDOWS\System32\IMM32.DLL
0x00007ffff7a50000 - 0x00007ffff7a5c000 	C:\Program Files\Java\jdk-17.0.3.1\bin\vcruntime140_1.dll
0x00007fffcbdf0000 - 0x00007fffcbe7d000 	C:\Program Files\Java\jdk-17.0.3.1\bin\msvcp140.dll
0x00007fff97f60000 - 0x00007fff98b20000 	C:\Program Files\Java\jdk-17.0.3.1\bin\server\jvm.dll
0x00007ff8021a0000 - 0x00007ff8021a8000 	C:\WINDOWS\System32\PSAPI.DLL
0x00007ffffc000000 - 0x00007ffffc027000 	C:\WINDOWS\SYSTEM32\WINMM.dll
0x00007ffff3b30000 - 0x00007ffff3b39000 	C:\WINDOWS\SYSTEM32\WSOCK32.dll
0x00007ff800250000 - 0x00007ff8002bb000 	C:\WINDOWS\System32\WS2_32.dll
0x00007ffffe0f0000 - 0x00007ffffe102000 	C:\WINDOWS\SYSTEM32\kernel.appcore.dll
0x00007ffff7970000 - 0x00007ffff797a000 	C:\Program Files\Java\jdk-17.0.3.1\bin\jimage.dll
0x00007ffffdcf0000 - 0x00007ffffded4000 	C:\WINDOWS\SYSTEM32\DBGHELP.DLL
0x00007ffff6ca0000 - 0x00007ffff6cd4000 	C:\WINDOWS\SYSTEM32\dbgcore.DLL
0x00007fffffa40000 - 0x00007fffffac2000 	C:\WINDOWS\System32\bcryptPrimitives.dll
0x00007fffd7190000 - 0x00007fffd71b5000 	C:\Program Files\Java\jdk-17.0.3.1\bin\java.dll

dbghelp: loaded successfully - version: 4.0.5 - missing functions: none
symbol engine: initialized successfully - sym options: 0x614 - pdb path: .;C:\Program Files\Java\jdk-17.0.3.1\bin;C:\WINDOWS\SYSTEM32;C:\WINDOWS\WinSxS\amd64_microsoft.windows.common-controls_6595b64144ccf1df_6.0.19041.4355_none_60b8b9eb71f62e16;C:\Program Files\Java\jdk-17.0.3.1\bin\server

VM Arguments:
jvm_args: -Dfile.encoding=UTF-8 --module-path=D:\Users\ASUS\OneDrive\Documents\NetBeansProjects\Bank Management System\build\classes 
java_command: bank.management.system.SignupOne
java_class_path (initial): D:\Users\ASUS\OneDrive\Documents\NetBeansProjects\Bank Management System\build\classes
Launcher Type: SUN_STANDARD

[Global flags]
     intx CICompilerCount                          = 4                                         {product} {ergonomic}
     uint ConcGCThreads                            = 2                                         {product} {ergonomic}
     uint G1ConcRefinementThreads                  = 8                                         {product} {ergonomic}
   size_t G1HeapRegionSize                         = 1048576                                   {product} {ergonomic}
    uintx GCDrainStackTargetSize                   = 64                                        {product} {ergonomic}
   size_t InitialHeapSize                          = 134217728                                 {product} {ergonomic}
   size_t MarkStackSize                            = 4194304                                   {product} {ergonomic}
   size_t MaxHeapSize                              = 2118123520                                {product} {ergonomic}
   size_t MinHeapDeltaBytes                        = 1048576                                   {product} {ergonomic}
   size_t MinHeapSize                              = 8388608                                   {product} {ergonomic}
    uintx NonNMethodCodeHeapSize                   = 5839372                                {pd product} {ergonomic}
    uintx NonProfiledCodeHeapSize                  = 122909434                              {pd product} {ergonomic}
    uintx ProfiledCodeHeapSize                     = 122909434                              {pd product} {ergonomic}
    uintx ReservedCodeCacheSize                    = 251658240                              {pd product} {ergonomic}
     bool SegmentedCodeCache                       = true                                      {product} {ergonomic}
   size_t SoftMaxHeapSize                          = 2118123520                             {manageable} {ergonomic}
     bool UseCompressedClassPointers               = true                           {product lp64_product} {ergonomic}
     bool UseCompressedOops                        = true                           {product lp64_product} {ergonomic}
     bool UseG1GC                                  = true                                      {product} {ergonomic}
     bool UseLargePagesIndividualAllocation        = false                                  {pd product} {ergonomic}

Logging:
Log output configuration:
 #0: stdout all=warning uptime,level,tags
 #1: stderr all=off uptime,level,tags

Environment Variables:
PATH=C:\Program Files\Common Files\Oracle\Java\javapath;C:\WINDOWS\system32;C:\WINDOWS;C:\WINDOWS\System32\Wbem;C:\WINDOWS\System32\WindowsPowerShell\v1.0\;C:\WINDOWS\System32\OpenSSH\;C:\Program Files\Intel\WiFi\bin\;C:\Program Files\Common Files\Intel\WirelessCommon\;C:\Program Files (x86)\MySQL\MySQL Installer for Windows;C:\Program Files\nodejs\;C:\Program Files\Git\cmd;C:\Program Files\MySQL\MySQL Shell 8.0\bin\;C:\Users\ASUS\AppData\Local\Programs\Python\Python39\Scripts\;C:\Users\ASUS\AppData\Local\Programs\Python\Python39\;C:\Users\ASUS\AppData\Local\Programs\Python\Python38-32\Scripts\;C:\Users\ASUS\AppData\Local\Programs\Python\Python38-32\;C:\Users\ASUS\AppData\Local\Microsoft\WindowsApps;C:\Users\ASUS\AppData\Local\Programs\Microsoft VS Code\bin;C:\Users\ASUS\AppData\Roaming\npm
USERNAME=ASUS
OS=Windows_NT
PROCESSOR_IDENTIFIER=Intel64 Family 6 Model 142 Stepping 10, GenuineIntel



---------------  S Y S T E M  ---------------

OS:
 Windows 10 , 64 bit Build 19041 (10.0.19041.3636)
OS uptime: 33 days 4:20 hours

CPU: total 8 (initial active 8) (4 cores per cpu, 2 threads per core) family 6 model 142 stepping 10 microcode 0xb4, cx8, cmov, fxsr, ht, mmx, 3dnowpref, sse, sse2, sse3, ssse3, sse4.1, sse4.2, popcnt, lzcnt, tsc, tscinvbit, avx, avx2, aes, erms, clmul, bmi1, bmi2, adx, fma, vzeroupper, clflush, clflushopt

Memory: 4k page, system-wide physical 8073M (726M free)
TotalPageFile size 22306M (AvailPageFile size 63M)
current process WorkingSet (physical memory assigned to process): 11M, peak: 11M
current process commit charge ("private bytes"): 60M, peak: 188M

vm_info: Java HotSpot(TM) 64-Bit Server VM (17.0.3.1+2-LTS-6) for windows-amd64 JRE (17.0.3.1+2-LTS-6), built on Apr 25 2022 22:04:21 by "mach5one" with MS VC++ 16.8 / 16.9 (VS2019)

END.
